#
# A fatal error has been detected by the Java Runtime Environment:
#
#  EXCEPTION_ACCESS_VIOLATION (0xc0000005) at pc=0x00007ffe7df4e0a9, pid=18052, tid=11300
#
# JRE version: OpenJDK Runtime Environment Microsoft-8035246 (17.0.8+7) (build 17.0.8+7-LTS)
# Java VM: OpenJDK 64-Bit Server VM Microsoft-8035246 (17.0.8+7-LTS, mixed mode, sharing, tiered, compressed oops, compressed class ptrs, g1 gc, windows-amd64)
# Problematic frame:
# V  [jvm.dll+0x2be0a9]
#
# No core dump will be written. Minidumps are not enabled by default on client versions of Windows
#
# If you would like to submit a bug report, please visit:
#   https://github.com/microsoft/openjdk/issues
#

---------------  S U M M A R Y ------------

Command Line: -XX:MaxMetaspaceSize=512m --add-opens=java.base/java.util=ALL-UNNAMED --add-opens=java.base/java.lang=ALL-UNNAMED --add-opens=java.base/java.lang.invoke=ALL-UNNAMED --add-opens=java.prefs/java.util.prefs=ALL-UNNAMED --add-exports=jdk.compiler/com.sun.tools.javac.api=ALL-UNNAMED --add-exports=jdk.compiler/com.sun.tools.javac.util=ALL-UNNAMED --add-opens=java.base/java.nio.charset=ALL-UNNAMED --add-opens=java.base/java.net=ALL-UNNAMED --add-opens=java.base/java.util.concurrent.atomic=ALL-UNNAMED -Xmx2048m -Dfile.encoding=windows-1252 -Duser.country=GB -Duser.language=en -Duser.variant -javaagent:C:\Users\User\.gradle\wrapper\dists\gradle-8.10.2-all\7iv73wktx1xtkvlq19urqw1wm\gradle-8.10.2\lib\agents\gradle-instrumentation-agent-8.10.2.jar org.gradle.launcher.daemon.bootstrap.GradleDaemon 8.10.2

Host: Intel(R) Core(TM) i7-6600U CPU @ 2.60GHz, 4 cores, 7G,  Windows 10 , 64 bit Build 19041 (10.0.19041.5198)
Time: Sun Dec 15 12:15:16 2024 Bangladesh Standard Time elapsed time: 36.686003 seconds (0d 0h 0m 36s)

---------------  T H R E A D  ---------------

Current thread (0x0000020fff959020):  JavaThread "C2 CompilerThread0" daemon [_thread_in_native, id=11300, stack(0x000000b914a00000,0x000000b914b00000)]


Current CompileTask:
C2:  36686 11321   !   4       java.util.concurrent.FutureTask::run (123 bytes)

Stack: [0x000000b914a00000,0x000000b914b00000],  sp=0x000000b914afb670,  free space=1005k
Native frames: (J=compiled Java code, j=interpreted, Vv=VM code, C=native code)
V  [jvm.dll+0x2be0a9]
V  [jvm.dll+0x21ba8b]
V  [jvm.dll+0x21944b]
V  [jvm.dll+0x1a56b6]
V  [jvm.dll+0x2291ea]
V  [jvm.dll+0x22724c]
V  [jvm.dll+0x7efd0c]
V  [jvm.dll+0x7ea13a]
V  [jvm.dll+0x67ad85]
C  [ucrtbase.dll+0x21bb2]
C  [KERNEL32.DLL+0x17374]
C  [ntdll.dll+0x4cc91]


siginfo: EXCEPTION_ACCESS_VIOLATION (0xc0000005), reading address 0x0000000000000028


Register to memory mapping:

RIP=0x00007ffe7df4e0a9 jvm.dll
RAX=0x0000020fa53d1ff0 points into unknown readable memory: 0x0000000000000000 | 00 00 00 00 00 00 00 00
RBX=0x0000000000001a98 is an unknown value
RCX=0x0 is NULL
RDX=0x0 is NULL
RSP=0x000000b914afb670 is pointing into the stack for thread: 0x0000020fff959020
RBP=0x000000b914afb6e0 is pointing into the stack for thread: 0x0000020fff959020
RSI=0x0 is NULL
RDI=0x0000000000000049 is an unknown value
R8 =0x000000000000ffe0 is an unknown value
R9 =0x0 is NULL
R10=0x00007ffee1360000 VCRUNTIME140.dll
R11=0x0000020fa53d2010 points into unknown readable memory: 0x0000000000000000 | 00 00 00 00 00 00 00 00
R12=0x0000000000000050 is an unknown value
R13=0x0 is NULL
R14=0x0 is NULL
R15=0x000000b914afe890 is pointing into the stack for thread: 0x0000020fff959020


Registers:
RAX=0x0000020fa53d1ff0, RBX=0x0000000000001a98, RCX=0x0000000000000000, RDX=0x0000000000000000
RSP=0x000000b914afb670, RBP=0x000000b914afb6e0, RSI=0x0000000000000000, RDI=0x0000000000000049
R8 =0x000000000000ffe0, R9 =0x0000000000000000, R10=0x00007ffee1360000, R11=0x0000020fa53d2010
R12=0x0000000000000050, R13=0x0000000000000000, R14=0x0000000000000000, R15=0x000000b914afe890
RIP=0x00007ffe7df4e0a9, EFLAGS=0x0000000000010202

Top of Stack: (sp=0x000000b914afb670)
0x000000b914afb670:   0000000000001a98 0000000000000000
0x000000b914afb680:   000000b914afe890 00007ffe7deb38d1
0x000000b914afb690:   0000020fff956e40 00007ffe00002000
0x000000b914afb6a0:   0000020fa53d1ff0 0000020f00000000
0x000000b914afb6b0:   0000020f00000002 0000020fa0aa6c30
0x000000b914afb6c0:   0000000000000002 0000020fff956e40
0x000000b914afb6d0:   0000000000000000 0000000000000000
0x000000b914afb6e0:   0000020fdfd3fa30 0000020fdfe61c70
0x000000b914afb6f0:   0000000000000049 00007ffe7e5d4c08
0x000000b914afb700:   000000b914afb810 00007ffe7deaba8b
0x000000b914afb710:   000000b914afe890 00007ffe7e5d4c08
0x000000b914afb720:   000000b914afe890 000000b914afb810
0x000000b914afb730:   0000527300000000 00007ffe7e1f41b6
0x000000b914afb740:   000000b90000000f 000000b914afe890
0x000000b914afb750:   000000b914afb8c0 0000020f00000000
0x000000b914afb760:   0000000000000100 00007ffe7e5d4c08 

Instructions: (pc=0x00007ffe7df4e0a9)
0x00007ffe7df4dfa9:   3b d0 75 0b ff c1 41 3b c9 7c dc 48 8b c2 c3 33
0x00007ffe7df4dfb9:   c0 c3 cc cc cc cc cc 48 89 5c 24 18 55 56 57 41
0x00007ffe7df4dfc9:   55 41 57 48 8b ec 48 83 ec 70 65 48 8b 04 25 58
0x00007ffe7df4dfd9:   00 00 00 48 8b f2 44 8b 05 d2 8b 90 00 4c 8b f9
0x00007ffe7df4dfe9:   4a 8b 1c c0 b8 50 00 00 00 80 3c 18 00 75 05 e8
0x00007ffe7df4dff9:   8b 6f 5d 00 b8 20 00 00 00 48 8b 04 18 48 8b 98
0x00007ffe7df4e009:   38 02 00 00 48 89 5d b0 c7 45 b8 04 00 00 00 48
0x00007ffe7df4e019:   8b 43 18 48 83 f8 df 76 18 4c 8d 05 37 a9 65 00
0x00007ffe7df4e029:   ba 20 00 00 00 48 8b cb e8 5a eb de ff 48 8b 43
0x00007ffe7df4e039:   18 48 8d 48 20 48 3b 4b 20 76 11 45 33 c0 48 8b
0x00007ffe7df4e049:   cb 41 8d 50 20 e8 fd e8 de ff eb 04 48 89 4b 18
0x00007ffe7df4e059:   44 8b 45 b8 33 d2 49 c1 e0 03 48 8b c8 48 89 45
0x00007ffe7df4e069:   c0 e8 e3 80 5d 00 45 33 ed 48 8d 4d d0 44 89 6d
0x00007ffe7df4e079:   c8 e8 01 59 56 00 41 8b 9f 40 02 00 00 41 2b 9f
0x00007ffe7df4e089:   68 02 00 00 44 89 6d f0 3b 5d b8 72 0b 8b d3 48
0x00007ffe7df4e099:   8d 4d b0 e8 6f b3 39 00 48 8b 45 c0 4c 89 2c d8
0x00007ffe7df4e0a9:   8b 7e 28 8b df c1 eb 05 3b 5d d0 72 0b 8b d3 48
0x00007ffe7df4e0b9:   8d 4d d0 e8 1f 59 56 00 48 8b 45 d8 83 e7 1f 48
0x00007ffe7df4e0c9:   8d 14 98 40 0f b6 cf 41 b8 01 00 00 00 41 d3 e0
0x00007ffe7df4e0d9:   8b 0a 8b c1 41 0b c0 89 02 41 85 c8 75 21 8b 5d
0x00007ffe7df4e0e9:   c8 8d 43 01 89 45 c8 3b 5d b8 72 0b 8b d3 48 8d
0x00007ffe7df4e0f9:   4d b0 e8 10 b3 39 00 48 8b 45 c0 48 89 34 d8 44
0x00007ffe7df4e109:   39 6d c8 0f 86 77 01 00 00 4c 89 a4 24 a0 00 00
0x00007ffe7df4e119:   00 4c 89 b4 24 a8 00 00 00 48 8b 45 c0 41 8b cd
0x00007ffe7df4e129:   48 8b 34 c8 8b 46 2c 25 ff 1f 00 00 3d 04 10 00
0x00007ffe7df4e139:   00 0f 85 a7 00 00 00 bb 01 00 00 00 39 5e 18 76
0x00007ffe7df4e149:   39 66 0f 1f 44 00 00 48 8b 46 08 8b cb 48 8b 14
0x00007ffe7df4e159:   c8 48 85 d2 74 1d 48 83 7a 10 00 74 16 80 7a 2c
0x00007ffe7df4e169:   84 74 10 e8 7f 7e ee ff 48 8b d0 49 8b cf e8 a4
0x00007ffe7df4e179:   61 f6 ff ff c3 3b 5e 18 72 cd 48 8b 5e 10 8b 46
0x00007ffe7df4e189:   20 4c 8d 34 c3 49 3b de 73 54 48 8b 3b 8b 47 2c
0x00007ffe7df4e199:   83 e0 03 3c 03 75 2e 48 8b 07 48 8b cf ff 90 88 


Stack slot to memory mapping:
stack at sp + 0 slots: 0x0000000000001a98 is an unknown value
stack at sp + 1 slots: 0x0 is NULL
stack at sp + 2 slots: 0x000000b914afe890 is pointing into the stack for thread: 0x0000020fff959020
stack at sp + 3 slots: 0x00007ffe7deb38d1 jvm.dll
stack at sp + 4 slots: 0x0000020fff956e40 points into unknown readable memory: 0x0000000000000006 | 06 00 00 00 00 00 00 00
stack at sp + 5 slots: 0x00007ffe00002000 is an unknown value
stack at sp + 6 slots: 0x0000020fa53d1ff0 points into unknown readable memory: 0x0000000000000000 | 00 00 00 00 00 00 00 00
stack at sp + 7 slots: 0x0000020f00000000 is an unknown value


---------------  P R O C E S S  ---------------

Threads class SMR info:
_java_thread_list=0x0000020fa22768a0, length=92, elements={
0x0000020fdfe48c10, 0x0000020fff93db30, 0x0000020fff93e9b0, 0x0000020fff953420,
0x0000020fff955ef0, 0x0000020fff9578c0, 0x0000020fff958280, 0x0000020fff959020,
0x0000020fff9bde00, 0x0000020fffacafc0, 0x0000020fff9251e0, 0x0000020fffc47330,
0x0000020fa02406c0, 0x0000020fa023d930, 0x0000020fa02401b0, 0x0000020fa023d420,
0x0000020fa023de40, 0x0000020fa023f280, 0x0000020fa023cf10, 0x0000020fa023fca0,
0x0000020fa023e860, 0x0000020fa023ed70, 0x0000020fa023f790, 0x0000020f9f929830,
0x0000020f9f927ee0, 0x0000020f9f92df10, 0x0000020f9f92ac70, 0x0000020f9f92b180,
0x0000020f9f92c5c0, 0x0000020f9f92da00, 0x0000020f9f9279d0, 0x0000020f9f92b690,
0x0000020f9f92bba0, 0x0000020f9f92cfe0, 0x0000020f9f928900, 0x0000020f9f9283f0,
0x0000020f9f92d4f0, 0x0000020f9f929d40, 0x0000020f9f928e10, 0x0000020f9f926aa0,
0x0000020f9f929320, 0x0000020f9f92e420, 0x0000020f9f926fb0, 0x0000020f9f9274c0,
0x0000020fa2d01df0, 0x0000020fa2d02300, 0x0000020fa2d04670, 0x0000020fa2d00ec0,
0x0000020fa2d04b80, 0x0000020fa2d05ab0, 0x0000020fa2cff570, 0x0000020fa2d05fc0,
0x0000020fa2d018e0, 0x0000020fa2d055a0, 0x0000020fa2cff060, 0x0000020fa2d013d0,
0x0000020fa2d05090, 0x0000020fa2cfff90, 0x0000020fa2d064d0, 0x0000020fa2d069e0,
0x0000020fa2d02d20, 0x0000020fa2cffa80, 0x0000020fa2d009b0, 0x0000020fa2d004a0,
0x0000020fa2b72440, 0x0000020fa2b73370, 0x0000020fa2b76b20, 0x0000020fa2b75bf0,
0x0000020fa2b700d0, 0x0000020fa2b76610, 0x0000020fa2b747b0, 0x0000020fa2b71510,
0x0000020fa2b71a20, 0x0000020fa2b705e0, 0x0000020fa2b742a0, 0x0000020fa2b72950,
0x0000020fa2b71f30, 0x0000020fa2b756e0, 0x0000020fa2b6fbc0, 0x0000020fa2b72e60,
0x0000020fa2b73d90, 0x0000020fa2b76100, 0x0000020fa2b70af0, 0x0000020fa2b74cc0,
0x0000020fa2b77030, 0x0000020fa2b71000, 0x0000020fa2b751d0, 0x0000020fa0024890,
0x0000020fa001ed70, 0x0000020fa00206c0, 0x0000020fa34e3050, 0x0000020fa0022a30
}

Java Threads: ( => current thread )
  0x0000020fdfe48c10 JavaThread "main" [_thread_blocked, id=14204, stack(0x000000b913d00000,0x000000b913e00000)]
  0x0000020fff93db30 JavaThread "Reference Handler" daemon [_thread_blocked, id=3084, stack(0x000000b914400000,0x000000b914500000)]
  0x0000020fff93e9b0 JavaThread "Finalizer" daemon [_thread_blocked, id=12492, stack(0x000000b914500000,0x000000b914600000)]
  0x0000020fff953420 JavaThread "Signal Dispatcher" daemon [_thread_blocked, id=16548, stack(0x000000b914600000,0x000000b914700000)]
  0x0000020fff955ef0 JavaThread "Attach Listener" daemon [_thread_blocked, id=13380, stack(0x000000b914700000,0x000000b914800000)]
  0x0000020fff9578c0 JavaThread "Service Thread" daemon [_thread_blocked, id=3208, stack(0x000000b914800000,0x000000b914900000)]
  0x0000020fff958280 JavaThread "Monitor Deflation Thread" daemon [_thread_blocked, id=14816, stack(0x000000b914900000,0x000000b914a00000)]
=>0x0000020fff959020 JavaThread "C2 CompilerThread0" daemon [_thread_in_native, id=11300, stack(0x000000b914a00000,0x000000b914b00000)]
  0x0000020fff9bde00 JavaThread "C1 CompilerThread0" daemon [_thread_in_native, id=10384, stack(0x000000b914b00000,0x000000b914c00000)]
  0x0000020fffacafc0 JavaThread "Sweeper thread" daemon [_thread_blocked, id=3664, stack(0x000000b914c00000,0x000000b914d00000)]
  0x0000020fff9251e0 JavaThread "Common-Cleaner" daemon [_thread_blocked, id=17820, stack(0x000000b914d00000,0x000000b914e00000)]
  0x0000020fffc47330 JavaThread "Notification Thread" daemon [_thread_blocked, id=9712, stack(0x000000b914e00000,0x000000b914f00000)]
  0x0000020fa02406c0 JavaThread "Daemon health stats" [_thread_blocked, id=244, stack(0x000000b915400000,0x000000b915500000)]
  0x0000020fa023d930 JavaThread "Incoming local TCP Connector on port 52246" [_thread_in_native, id=1584, stack(0x000000b915300000,0x000000b915400000)]
  0x0000020fa02401b0 JavaThread "Daemon periodic checks" [_thread_blocked, id=3440, stack(0x000000b915500000,0x000000b915600000)]
  0x0000020fa023d420 JavaThread "Daemon" [_thread_blocked, id=13824, stack(0x000000b915600000,0x000000b915700000)]
  0x0000020fa023de40 JavaThread "Handler for socket connection from /127.0.0.1:52246 to /127.0.0.1:52247" [_thread_in_native, id=15904, stack(0x000000b915700000,0x000000b915800000)]
  0x0000020fa023f280 JavaThread "Cancel handler" [_thread_blocked, id=10924, stack(0x000000b915800000,0x000000b915900000)]
  0x0000020fa023cf10 JavaThread "Daemon worker" [_thread_in_native, id=6604, stack(0x000000b915900000,0x000000b915a00000)]
  0x0000020fa023fca0 JavaThread "Asynchronous log dispatcher for DefaultDaemonConnection: socket connection from /127.0.0.1:52246 to /127.0.0.1:52247" [_thread_blocked, id=5444, stack(0x000000b915a00000,0x000000b915b00000)]
  0x0000020fa023e860 JavaThread "Stdin handler" [_thread_blocked, id=780, stack(0x000000b915b00000,0x000000b915c00000)]
  0x0000020fa023ed70 JavaThread "Daemon client event forwarder" [_thread_blocked, id=18184, stack(0x000000b915c00000,0x000000b915d00000)]
  0x0000020fa023f790 JavaThread "Cache worker for journal cache (C:\Users\User\.gradle\caches\journal-1)" [_thread_blocked, id=10624, stack(0x000000b915d00000,0x000000b915e00000)]
  0x0000020f9f929830 JavaThread "File lock request listener" [_thread_in_native, id=13508, stack(0x000000b915e00000,0x000000b915f00000)]
  0x0000020f9f927ee0 JavaThread "Cache worker for file hash cache (C:\Users\User\.gradle\caches\8.10.2\fileHashes)" [_thread_blocked, id=15584, stack(0x000000b915f00000,0x000000b916000000)]
  0x0000020f9f92df10 JavaThread "Cache worker for file hash cache (F:\NoTensionClient\v76\bitsNoTension\android\.gradle\8.10.2\fileHashes)" [_thread_blocked, id=6516, stack(0x000000b916000000,0x000000b916100000)]
  0x0000020f9f92ac70 JavaThread "Cache worker for Build Output Cleanup Cache (F:\NoTensionClient\v76\bitsNoTension\android\.gradle\buildOutputCleanup)" [_thread_blocked, id=5736, stack(0x000000b916100000,0x000000b916200000)]
  0x0000020f9f92b180 JavaThread "File watcher server" daemon [_thread_in_native, id=7968, stack(0x000000b916300000,0x000000b916400000)]
  0x0000020f9f92c5c0 JavaThread "File watcher consumer" daemon [_thread_blocked, id=15812, stack(0x000000b916400000,0x000000b916500000)]
  0x0000020f9f92da00 JavaThread "Cache worker for checksums cache (F:\NoTensionClient\v76\bitsNoTension\android\.gradle\8.10.2\checksums)" [_thread_blocked, id=11052, stack(0x000000b916500000,0x000000b916600000)]
  0x0000020f9f9279d0 JavaThread "Cache worker for file content cache (C:\Users\User\.gradle\caches\8.10.2\fileContent)" [_thread_blocked, id=10804, stack(0x000000b916600000,0x000000b916700000)]
  0x0000020f9f92b690 JavaThread "Cache worker for cache directory md-rule (C:\Users\User\.gradle\caches\8.10.2\md-rule)" [_thread_blocked, id=6264, stack(0x000000b916700000,0x000000b916800000)]
  0x0000020f9f92bba0 JavaThread "Cache worker for cache directory md-supplier (C:\Users\User\.gradle\caches\8.10.2\md-supplier)" [_thread_blocked, id=1308, stack(0x000000b916800000,0x000000b916900000)]
  0x0000020f9f92cfe0 JavaThread "jar transforms" [_thread_blocked, id=12748, stack(0x000000b916200000,0x000000b916300000)]
  0x0000020f9f928900 JavaThread "Cache worker for Build Output Cleanup Cache (F:\NoTensionClient\v76\bitsNoTension\node_modules\@react-native\gradle-plugin\.gradle\buildOutputCleanup)" [_thread_blocked, id=11760, stack(0x000000b916a00000,0x000000b916b00000)]
  0x0000020f9f9283f0 JavaThread "Unconstrained build operations" [_thread_blocked, id=12256, stack(0x000000b916d00000,0x000000b916e00000)]
  0x0000020f9f92d4f0 JavaThread "Unconstrained build operations Thread 2" [_thread_blocked, id=12196, stack(0x000000b916e00000,0x000000b916f00000)]
  0x0000020f9f929d40 JavaThread "Unconstrained build operations Thread 3" [_thread_blocked, id=6508, stack(0x000000b916f00000,0x000000b917000000)]
  0x0000020f9f928e10 JavaThread "Unconstrained build operations Thread 4" [_thread_blocked, id=2128, stack(0x000000b917000000,0x000000b917100000)]
  0x0000020f9f926aa0 JavaThread "Unconstrained build operations Thread 5" [_thread_blocked, id=6488, stack(0x000000b917100000,0x000000b917200000)]
  0x0000020f9f929320 JavaThread "Unconstrained build operations Thread 6" [_thread_blocked, id=8260, stack(0x000000b917200000,0x000000b917300000)]
  0x0000020f9f92e420 JavaThread "Unconstrained build operations Thread 7" [_thread_blocked, id=12308, stack(0x000000b917300000,0x000000b917400000)]
  0x0000020f9f926fb0 JavaThread "Unconstrained build operations Thread 8" [_thread_blocked, id=11648, stack(0x000000b917400000,0x000000b917500000)]
  0x0000020f9f9274c0 JavaThread "Unconstrained build operations Thread 9" [_thread_blocked, id=8, stack(0x000000b917500000,0x000000b917600000)]
  0x0000020fa2d01df0 JavaThread "Unconstrained build operations Thread 10" [_thread_blocked, id=15320, stack(0x000000b917600000,0x000000b917700000)]
  0x0000020fa2d02300 JavaThread "Unconstrained build operations Thread 11" [_thread_blocked, id=15580, stack(0x000000b917700000,0x000000b917800000)]
  0x0000020fa2d04670 JavaThread "Unconstrained build operations Thread 12" [_thread_blocked, id=8428, stack(0x000000b917800000,0x000000b917900000)]
  0x0000020fa2d00ec0 JavaThread "Unconstrained build operations Thread 13" [_thread_blocked, id=8052, stack(0x000000b917900000,0x000000b917a00000)]
  0x0000020fa2d04b80 JavaThread "Unconstrained build operations Thread 14" [_thread_blocked, id=5324, stack(0x000000b917a00000,0x000000b917b00000)]
  0x0000020fa2d05ab0 JavaThread "Unconstrained build operations Thread 15" [_thread_blocked, id=2836, stack(0x000000b917b00000,0x000000b917c00000)]
  0x0000020fa2cff570 JavaThread "Memory manager" [_thread_blocked, id=5468, stack(0x000000b917c00000,0x000000b917d00000)]
  0x0000020fa2d05fc0 JavaThread "build event listener" [_thread_blocked, id=14452, stack(0x000000b917d00000,0x000000b917e00000)]
  0x0000020fa2d018e0 JavaThread "ForkJoinPool.commonPool-worker-1" daemon [_thread_blocked, id=13712, stack(0x000000b917e00000,0x000000b917f00000)]
  0x0000020fa2d055a0 JavaThread "ForkJoinPool.commonPool-worker-2" daemon [_thread_blocked, id=7896, stack(0x000000b917f00000,0x000000b918000000)]
  0x0000020fa2cff060 JavaThread "ForkJoinPool.commonPool-worker-3" daemon [_thread_blocked, id=1068, stack(0x000000b918000000,0x000000b918100000)]
  0x0000020fa2d013d0 JavaThread "Exec process" [_thread_blocked, id=10256, stack(0x000000b918100000,0x000000b918200000)]
  0x0000020fa2d05090 JavaThread "Exec process Thread 2" [_thread_blocked, id=7316, stack(0x000000b918200000,0x000000b918300000)]
  0x0000020fa2cfff90 JavaThread "Exec process Thread 3" [_thread_blocked, id=15060, stack(0x000000b918300000,0x000000b918400000)]
  0x0000020fa2d064d0 JavaThread "included builds" [_thread_blocked, id=256, stack(0x000000b918400000,0x000000b918500000)]
  0x0000020fa2d069e0 JavaThread "Execution worker" [_thread_blocked, id=17440, stack(0x000000b918500000,0x000000b918600000)]
  0x0000020fa2d02d20 JavaThread "Execution worker Thread 2" [_thread_blocked, id=1380, stack(0x000000b918600000,0x000000b918700000)]
  0x0000020fa2cffa80 JavaThread "Execution worker Thread 3" [_thread_blocked, id=14828, stack(0x000000b918700000,0x000000b918800000)]
  0x0000020fa2d009b0 JavaThread "Cache worker for execution history cache (F:\NoTensionClient\v76\bitsNoTension\node_modules\@react-native\gradle-plugin\.gradle\8.10.2\executionHistory)" [_thread_blocked, id=12936, stack(0x000000b918800000,0x000000b918900000)]
  0x0000020fa2d004a0 JavaThread "Unconstrained build operations Thread 16" [_thread_blocked, id=14332, stack(0x000000b918900000,0x000000b918a00000)]
  0x0000020fa2b72440 JavaThread "Unconstrained build operations Thread 17" [_thread_blocked, id=10556, stack(0x000000b918a00000,0x000000b918b00000)]
  0x0000020fa2b73370 JavaThread "Unconstrained build operations Thread 18" [_thread_blocked, id=12076, stack(0x000000b918b00000,0x000000b918c00000)]
  0x0000020fa2b76b20 JavaThread "Unconstrained build operations Thread 19" [_thread_blocked, id=4736, stack(0x000000b918c00000,0x000000b918d00000)]
  0x0000020fa2b75bf0 JavaThread "Unconstrained build operations Thread 20" [_thread_blocked, id=8680, stack(0x000000b918d00000,0x000000b918e00000)]
  0x0000020fa2b700d0 JavaThread "Unconstrained build operations Thread 21" [_thread_blocked, id=8216, stack(0x000000b918e00000,0x000000b918f00000)]
  0x0000020fa2b76610 JavaThread "Unconstrained build operations Thread 22" [_thread_blocked, id=17196, stack(0x000000b918f00000,0x000000b919000000)]
  0x0000020fa2b747b0 JavaThread "Unconstrained build operations Thread 23" [_thread_blocked, id=15284, stack(0x000000b919000000,0x000000b919100000)]
  0x0000020fa2b71510 JavaThread "Unconstrained build operations Thread 24" [_thread_blocked, id=3444, stack(0x000000b919100000,0x000000b919200000)]
  0x0000020fa2b71a20 JavaThread "Unconstrained build operations Thread 25" [_thread_blocked, id=16708, stack(0x000000b919200000,0x000000b919300000)]
  0x0000020fa2b705e0 JavaThread "Unconstrained build operations Thread 26" [_thread_blocked, id=6360, stack(0x000000b919300000,0x000000b919400000)]
  0x0000020fa2b742a0 JavaThread "Unconstrained build operations Thread 27" [_thread_blocked, id=4680, stack(0x000000b919400000,0x000000b919500000)]
  0x0000020fa2b72950 JavaThread "Unconstrained build operations Thread 28" [_thread_blocked, id=12440, stack(0x000000b919500000,0x000000b919600000)]
  0x0000020fa2b71f30 JavaThread "Unconstrained build operations Thread 29" [_thread_blocked, id=9592, stack(0x000000b919600000,0x000000b919700000)]
  0x0000020fa2b756e0 JavaThread "Unconstrained build operations Thread 30" [_thread_blocked, id=12900, stack(0x000000b919700000,0x000000b919800000)]
  0x0000020fa2b6fbc0 JavaThread "Unconstrained build operations Thread 31" [_thread_blocked, id=4884, stack(0x000000b919800000,0x000000b919900000)]
  0x0000020fa2b72e60 JavaThread "Unconstrained build operations Thread 32" [_thread_blocked, id=14864, stack(0x000000b919900000,0x000000b919a00000)]
  0x0000020fa2b73d90 JavaThread "Unconstrained build operations Thread 33" [_thread_blocked, id=17124, stack(0x000000b919a00000,0x000000b919b00000)]
  0x0000020fa2b76100 JavaThread "Unconstrained build operations Thread 34" [_thread_blocked, id=11068, stack(0x000000b919b00000,0x000000b919c00000)]
  0x0000020fa2b70af0 JavaThread "Unconstrained build operations Thread 35" [_thread_blocked, id=12036, stack(0x000000b919c00000,0x000000b919d00000)]
  0x0000020fa2b74cc0 JavaThread "Unconstrained build operations Thread 36" [_thread_blocked, id=9612, stack(0x000000b919d00000,0x000000b919e00000)]
  0x0000020fa2b77030 JavaThread "jar transforms Thread 2" [_thread_blocked, id=3412, stack(0x000000b919e00000,0x000000b919f00000)]
  0x0000020fa2b71000 JavaThread "jar transforms Thread 3" [_thread_blocked, id=14820, stack(0x000000b919f00000,0x000000b91a000000)]
  0x0000020fa2b751d0 JavaThread "Unconstrained build operations Thread 37" [_thread_blocked, id=12388, stack(0x000000b91a000000,0x000000b91a100000)]
  0x0000020fa0024890 JavaThread "Unconstrained build operations Thread 38" [_thread_blocked, id=15408, stack(0x000000b91a100000,0x000000b91a200000)]
  0x0000020fa001ed70 JavaThread "Unconstrained build operations Thread 39" [_thread_blocked, id=10268, stack(0x000000b91a200000,0x000000b91a300000)]
  0x0000020fa00206c0 JavaThread "Unconstrained build operations Thread 40" [_thread_blocked, id=13856, stack(0x000000b91a300000,0x000000b91a400000)]
  0x0000020fa34e3050 JavaThread "C2 CompilerThread1" daemon [_thread_in_native, id=18160, stack(0x000000b916b00000,0x000000b916c00000)]
  0x0000020fa0022a30 JavaThread "jar transforms Thread 4" [_thread_blocked, id=8832, stack(0x000000b91a600000,0x000000b91a700000)]

Other Threads:
  0x0000020fff933eb0 VMThread "VM Thread" [stack: 0x000000b914300000,0x000000b914400000] [id=16476]
  0x0000020fffbd6190 WatcherThread [stack: 0x000000b914f00000,0x000000b915000000] [id=5260]
  0x0000020fdfea8c30 GCTaskThread "GC Thread#0" [stack: 0x000000b913e00000,0x000000b913f00000] [id=9196]
  0x0000020fffe63c70 GCTaskThread "GC Thread#1" [stack: 0x000000b915000000,0x000000b915100000] [id=6616]
  0x0000020fffcdb1d0 GCTaskThread "GC Thread#2" [stack: 0x000000b915100000,0x000000b915200000] [id=7248]
  0x0000020fa01dcb40 GCTaskThread "GC Thread#3" [stack: 0x000000b915200000,0x000000b915300000] [id=3332]
  0x0000020fdfeb9b80 ConcurrentGCThread "G1 Main Marker" [stack: 0x000000b913f00000,0x000000b914000000] [id=11536]
  0x0000020fdfeba590 ConcurrentGCThread "G1 Conc#0" [stack: 0x000000b914000000,0x000000b914100000] [id=16272]
  0x0000020fdfefd6c0 ConcurrentGCThread "G1 Refine#0" [stack: 0x000000b914100000,0x000000b914200000] [id=15208]
  0x0000020fa2274550 ConcurrentGCThread "G1 Refine#1" [stack: 0x000000b916900000,0x000000b916a00000] [id=17428]
  0x0000020fdfefe0f0 ConcurrentGCThread "G1 Service" [stack: 0x000000b914200000,0x000000b914300000] [id=8288]

Threads with active compile tasks:
C2 CompilerThread0    36819 11321   !   4       java.util.concurrent.FutureTask::run (123 bytes)
C2 CompilerThread1    36819 11325       4       org.gradle.internal.snapshot.AbstractListChildMap::store (72 bytes)

VM state: not at safepoint (normal execution)

VM Mutex/Monitor currently owned by a thread: None

Heap address: 0x0000000080000000, size: 2048 MB, Compressed Oops mode: 32-bit

CDS archive(s) mapped at: [0x0000020f80000000-0x0000020f80bd0000-0x0000020f80bd0000), size 12386304, SharedBaseAddress: 0x0000020f80000000, ArchiveRelocationMode: 1.
Compressed class space mapped at: 0x0000020f81000000-0x0000020f9b000000, reserved size: 436207616
Narrow klass base: 0x0000020f80000000, Narrow klass shift: 0, Narrow klass range: 0x100000000

GC Precious Log:
 CPUs: 4 total, 4 available
 Memory: 8083M
 Large Page Support: Disabled
 NUMA Support: Disabled
 Compressed Oops: Enabled (32-bit)
 Heap Region Size: 1M
 Heap Min Capacity: 8M
 Heap Initial Capacity: 128M
 Heap Max Capacity: 2G
 Pre-touch: Disabled
 Parallel Workers: 4
 Concurrent Workers: 1
 Concurrent Refinement Workers: 4
 Periodic GC: Disabled

Heap:
 garbage-first heap   total 256000K, used 115113K [0x0000000080000000, 0x0000000100000000)
  region size 1024K, 25 young (25600K), 5 survivors (5120K)
 Metaspace       used 78219K, committed 79104K, reserved 557056K
  class space    used 10907K, committed 11328K, reserved 425984K

Heap Regions: E=young(eden), S=young(survivor), O=old, HS=humongous(starts), HC=humongous(continues), CS=collection set, F=free, OA=open archive, CA=closed archive, TAMS=top-at-mark-start (previous, next)
|   0|0x0000000080000000, 0x0000000080100000, 0x0000000080100000|100%|HS|  |TAMS 0x0000000080100000, 0x0000000080000000| Complete 
|   1|0x0000000080100000, 0x0000000080200000, 0x0000000080200000|100%|HC|  |TAMS 0x0000000080200000, 0x0000000080100000| Complete 
|   2|0x0000000080200000, 0x0000000080300000, 0x0000000080300000|100%|HC|  |TAMS 0x0000000080300000, 0x0000000080200000| Complete 
|   3|0x0000000080300000, 0x0000000080400000, 0x0000000080400000|100%|HC|  |TAMS 0x0000000080400000, 0x0000000080300000| Complete 
|   4|0x0000000080400000, 0x0000000080500000, 0x0000000080500000|100%| O|  |TAMS 0x0000000080500000, 0x0000000080400000| Untracked 
|   5|0x0000000080500000, 0x0000000080600000, 0x0000000080600000|100%| O|  |TAMS 0x0000000080600000, 0x0000000080500000| Untracked 
|   6|0x0000000080600000, 0x0000000080700000, 0x0000000080700000|100%| O|  |TAMS 0x0000000080700000, 0x0000000080600000| Untracked 
|   7|0x0000000080700000, 0x0000000080800000, 0x0000000080800000|100%| O|  |TAMS 0x0000000080800000, 0x0000000080700000| Untracked 
|   8|0x0000000080800000, 0x0000000080900000, 0x0000000080900000|100%| O|  |TAMS 0x0000000080900000, 0x0000000080800000| Untracked 
|   9|0x0000000080900000, 0x0000000080a00000, 0x0000000080a00000|100%|HS|  |TAMS 0x0000000080a00000, 0x0000000080900000| Complete 
|  10|0x0000000080a00000, 0x0000000080b00000, 0x0000000080b00000|100%| O|  |TAMS 0x0000000080b00000, 0x0000000080a00000| Untracked 
|  11|0x0000000080b00000, 0x0000000080c00000, 0x0000000080c00000|100%| O|  |TAMS 0x0000000080c00000, 0x0000000080b00000| Untracked 
|  12|0x0000000080c00000, 0x0000000080d00000, 0x0000000080d00000|100%| O|  |TAMS 0x0000000080d00000, 0x0000000080c00000| Untracked 
|  13|0x0000000080d00000, 0x0000000080e00000, 0x0000000080e00000|100%| O|  |TAMS 0x0000000080e00000, 0x0000000080d00000| Untracked 
|  14|0x0000000080e00000, 0x0000000080f00000, 0x0000000080f00000|100%| O|  |TAMS 0x0000000080f00000, 0x0000000080e00000| Untracked 
|  15|0x0000000080f00000, 0x0000000081000000, 0x0000000081000000|100%| O|  |TAMS 0x0000000081000000, 0x0000000080f00000| Untracked 
|  16|0x0000000081000000, 0x0000000081100000, 0x0000000081100000|100%| O|  |TAMS 0x0000000081100000, 0x0000000081000000| Untracked 
|  17|0x0000000081100000, 0x0000000081200000, 0x0000000081200000|100%| O|  |TAMS 0x0000000081200000, 0x0000000081100000| Untracked 
|  18|0x0000000081200000, 0x0000000081300000, 0x0000000081300000|100%| O|  |TAMS 0x0000000081300000, 0x0000000081200000| Untracked 
|  19|0x0000000081300000, 0x0000000081400000, 0x0000000081400000|100%| O|  |TAMS 0x0000000081400000, 0x0000000081300000| Untracked 
|  20|0x0000000081400000, 0x0000000081500000, 0x0000000081500000|100%| O|  |TAMS 0x0000000081500000, 0x0000000081400000| Untracked 
|  21|0x0000000081500000, 0x0000000081600000, 0x0000000081600000|100%| O|  |TAMS 0x0000000081600000, 0x0000000081500000| Untracked 
|  22|0x0000000081600000, 0x0000000081700000, 0x0000000081700000|100%| O|  |TAMS 0x0000000081700000, 0x0000000081600000| Untracked 
|  23|0x0000000081700000, 0x0000000081800000, 0x0000000081800000|100%| O|  |TAMS 0x0000000081800000, 0x0000000081700000| Untracked 
|  24|0x0000000081800000, 0x0000000081900000, 0x0000000081900000|100%| O|  |TAMS 0x0000000081900000, 0x0000000081800000| Untracked 
|  25|0x0000000081900000, 0x0000000081a00000, 0x0000000081a00000|100%| O|  |TAMS 0x0000000081a00000, 0x0000000081900000| Untracked 
|  26|0x0000000081a00000, 0x0000000081b00000, 0x0000000081b00000|100%| O|  |TAMS 0x0000000081b00000, 0x0000000081a00000| Untracked 
|  27|0x0000000081b00000, 0x0000000081c00000, 0x0000000081c00000|100%| O|  |TAMS 0x0000000081c00000, 0x0000000081b00000| Untracked 
|  28|0x0000000081c00000, 0x0000000081d00000, 0x0000000081d00000|100%| O|  |TAMS 0x0000000081d00000, 0x0000000081c00000| Untracked 
|  29|0x0000000081d00000, 0x0000000081e00000, 0x0000000081e00000|100%| O|  |TAMS 0x0000000081e00000, 0x0000000081d00000| Untracked 
|  30|0x0000000081e00000, 0x0000000081f00000, 0x0000000081f00000|100%| O|  |TAMS 0x0000000081f00000, 0x0000000081e00000| Untracked 
|  31|0x0000000081f00000, 0x0000000082000000, 0x0000000082000000|100%| O|  |TAMS 0x0000000082000000, 0x0000000081f00000| Untracked 
|  32|0x0000000082000000, 0x0000000082100000, 0x0000000082100000|100%| O|  |TAMS 0x0000000082100000, 0x0000000082000000| Untracked 
|  33|0x0000000082100000, 0x0000000082200000, 0x0000000082200000|100%| O|  |TAMS 0x0000000082200000, 0x0000000082100000| Untracked 
|  34|0x0000000082200000, 0x0000000082300000, 0x0000000082300000|100%| O|  |TAMS 0x0000000082300000, 0x0000000082200000| Untracked 
|  35|0x0000000082300000, 0x0000000082400000, 0x0000000082400000|100%| O|  |TAMS 0x0000000082400000, 0x0000000082300000| Untracked 
|  36|0x0000000082400000, 0x0000000082500000, 0x0000000082500000|100%| O|  |TAMS 0x0000000082500000, 0x0000000082400000| Untracked 
|  37|0x0000000082500000, 0x0000000082600000, 0x0000000082600000|100%| O|  |TAMS 0x0000000082600000, 0x0000000082500000| Untracked 
|  38|0x0000000082600000, 0x0000000082700000, 0x0000000082700000|100%| O|  |TAMS 0x0000000082700000, 0x0000000082600000| Untracked 
|  39|0x0000000082700000, 0x0000000082800000, 0x0000000082800000|100%| O|  |TAMS 0x0000000082800000, 0x0000000082700000| Untracked 
|  40|0x0000000082800000, 0x0000000082900000, 0x0000000082900000|100%| O|  |TAMS 0x0000000082900000, 0x0000000082800000| Untracked 
|  41|0x0000000082900000, 0x0000000082a00000, 0x0000000082a00000|100%| O|  |TAMS 0x0000000082900000, 0x0000000082900000| Untracked 
|  42|0x0000000082a00000, 0x0000000082b00000, 0x0000000082b00000|100%| O|  |TAMS 0x0000000082b00000, 0x0000000082a00000| Untracked 
|  43|0x0000000082b00000, 0x0000000082c00000, 0x0000000082c00000|100%| O|  |TAMS 0x0000000082b00000, 0x0000000082b00000| Untracked 
|  44|0x0000000082c00000, 0x0000000082d00000, 0x0000000082d00000|100%| O|  |TAMS 0x0000000082d00000, 0x0000000082c00000| Untracked 
|  45|0x0000000082d00000, 0x0000000082e00000, 0x0000000082e00000|100%| O|  |TAMS 0x0000000082e00000, 0x0000000082d00000| Untracked 
|  46|0x0000000082e00000, 0x0000000082f00000, 0x0000000082f00000|100%| O|  |TAMS 0x0000000082f00000, 0x0000000082e00000| Untracked 
|  47|0x0000000082f00000, 0x0000000083000000, 0x0000000083000000|100%| O|  |TAMS 0x0000000083000000, 0x0000000082f00000| Untracked 
|  48|0x0000000083000000, 0x0000000083100000, 0x0000000083100000|100%| O|  |TAMS 0x0000000083100000, 0x0000000083000000| Untracked 
|  49|0x0000000083100000, 0x0000000083200000, 0x0000000083200000|100%|HS|  |TAMS 0x0000000083200000, 0x0000000083100000| Complete 
|  50|0x0000000083200000, 0x0000000083300000, 0x0000000083300000|100%|HC|  |TAMS 0x0000000083300000, 0x0000000083200000| Complete 
|  51|0x0000000083300000, 0x0000000083400000, 0x0000000083400000|100%|HS|  |TAMS 0x0000000083400000, 0x0000000083300000| Complete 
|  52|0x0000000083400000, 0x0000000083500000, 0x0000000083500000|100%|HC|  |TAMS 0x0000000083500000, 0x0000000083400000| Complete 
|  53|0x0000000083500000, 0x0000000083600000, 0x0000000083600000|100%| O|  |TAMS 0x0000000083600000, 0x0000000083500000| Untracked 
|  54|0x0000000083600000, 0x0000000083700000, 0x0000000083700000|100%| O|  |TAMS 0x0000000083700000, 0x0000000083600000| Untracked 
|  55|0x0000000083700000, 0x0000000083800000, 0x0000000083800000|100%| O|  |TAMS 0x0000000083800000, 0x0000000083700000| Untracked 
|  56|0x0000000083800000, 0x0000000083900000, 0x0000000083900000|100%| O|  |TAMS 0x0000000083900000, 0x0000000083800000| Untracked 
|  57|0x0000000083900000, 0x0000000083a00000, 0x0000000083a00000|100%|HS|  |TAMS 0x0000000083a00000, 0x0000000083900000| Complete 
|  58|0x0000000083a00000, 0x0000000083b00000, 0x0000000083b00000|100%|HC|  |TAMS 0x0000000083b00000, 0x0000000083a00000| Complete 
|  59|0x0000000083b00000, 0x0000000083c00000, 0x0000000083c00000|100%|HC|  |TAMS 0x0000000083c00000, 0x0000000083b00000| Complete 
|  60|0x0000000083c00000, 0x0000000083d00000, 0x0000000083d00000|100%|HC|  |TAMS 0x0000000083d00000, 0x0000000083c00000| Complete 
|  61|0x0000000083d00000, 0x0000000083e00000, 0x0000000083e00000|100%|HS|  |TAMS 0x0000000083e00000, 0x0000000083d00000| Complete 
|  62|0x0000000083e00000, 0x0000000083f00000, 0x0000000083f00000|100%|HC|  |TAMS 0x0000000083f00000, 0x0000000083e00000| Complete 
|  63|0x0000000083f00000, 0x0000000084000000, 0x0000000084000000|100%|HC|  |TAMS 0x0000000084000000, 0x0000000083f00000| Complete 
|  64|0x0000000084000000, 0x0000000084100000, 0x0000000084100000|100%|HC|  |TAMS 0x0000000084100000, 0x0000000084000000| Complete 
|  65|0x0000000084100000, 0x0000000084200000, 0x0000000084200000|100%| O|  |TAMS 0x0000000084200000, 0x0000000084100000| Untracked 
|  66|0x0000000084200000, 0x0000000084300000, 0x0000000084300000|100%| O|  |TAMS 0x0000000084300000, 0x0000000084200000| Untracked 
|  67|0x0000000084300000, 0x0000000084400000, 0x0000000084400000|100%| O|  |TAMS 0x00000000843ec800, 0x0000000084300000| Untracked 
|  68|0x0000000084400000, 0x0000000084500000, 0x0000000084500000|100%| O|  |TAMS 0x0000000084400000, 0x0000000084400000| Untracked 
|  69|0x0000000084500000, 0x0000000084600000, 0x0000000084600000|100%| O|  |TAMS 0x0000000084500000, 0x0000000084500000| Untracked 
|  70|0x0000000084600000, 0x0000000084700000, 0x0000000084700000|100%| O|  |TAMS 0x0000000084600000, 0x0000000084600000| Untracked 
|  71|0x0000000084700000, 0x0000000084800000, 0x0000000084800000|100%| O|  |TAMS 0x0000000084700000, 0x0000000084700000| Untracked 
|  72|0x0000000084800000, 0x0000000084900000, 0x0000000084900000|100%| O|  |TAMS 0x0000000084800000, 0x0000000084800000| Untracked 
|  73|0x0000000084900000, 0x0000000084a00000, 0x0000000084a00000|100%| O|  |TAMS 0x0000000084900000, 0x0000000084900000| Untracked 
|  74|0x0000000084a00000, 0x0000000084b00000, 0x0000000084b00000|100%| O|  |TAMS 0x0000000084a00000, 0x0000000084a00000| Untracked 
|  75|0x0000000084b00000, 0x0000000084c00000, 0x0000000084c00000|100%| O|  |TAMS 0x0000000084b00000, 0x0000000084b00000| Untracked 
|  76|0x0000000084c00000, 0x0000000084d00000, 0x0000000084d00000|100%| O|  |TAMS 0x0000000084c00000, 0x0000000084c00000| Untracked 
|  77|0x0000000084d00000, 0x0000000084e00000, 0x0000000084e00000|100%| O|  |TAMS 0x0000000084d00000, 0x0000000084d00000| Untracked 
|  78|0x0000000084e00000, 0x0000000084f00000, 0x0000000084f00000|100%| O|  |TAMS 0x0000000084e00000, 0x0000000084e00000| Untracked 
|  79|0x0000000084f00000, 0x0000000085000000, 0x0000000085000000|100%| O|  |TAMS 0x0000000084f00000, 0x0000000084f00000| Untracked 
|  80|0x0000000085000000, 0x0000000085100000, 0x0000000085100000|100%| O|  |TAMS 0x0000000085000000, 0x0000000085000000| Untracked 
|  81|0x0000000085100000, 0x0000000085200000, 0x0000000085200000|100%| O|  |TAMS 0x0000000085100000, 0x0000000085100000| Untracked 
|  82|0x0000000085200000, 0x0000000085300000, 0x0000000085300000|100%| O|  |TAMS 0x0000000085200000, 0x0000000085200000| Untracked 
|  83|0x0000000085300000, 0x0000000085400000, 0x0000000085400000|100%| O|  |TAMS 0x0000000085300000, 0x0000000085300000| Untracked 
|  84|0x0000000085400000, 0x0000000085500000, 0x0000000085500000|100%| O|  |TAMS 0x0000000085400000, 0x0000000085400000| Untracked 
|  85|0x0000000085500000, 0x000000008558a000, 0x0000000085600000| 53%| O|  |TAMS 0x0000000085500000, 0x0000000085500000| Untracked 
|  86|0x0000000085600000, 0x0000000085700000, 0x0000000085700000|100%|HS|  |TAMS 0x0000000085600000, 0x0000000085600000| Complete 
|  87|0x0000000085700000, 0x0000000085800000, 0x0000000085800000|100%|HS|  |TAMS 0x0000000085700000, 0x0000000085700000| Complete 
|  88|0x0000000085800000, 0x0000000085900000, 0x0000000085900000|100%|HS|  |TAMS 0x0000000085800000, 0x0000000085800000| Complete 
|  89|0x0000000085900000, 0x0000000085a00000, 0x0000000085a00000|100%|HS|  |TAMS 0x0000000085900000, 0x0000000085900000| Complete 
|  90|0x0000000085a00000, 0x0000000085a00000, 0x0000000085b00000|  0%| F|  |TAMS 0x0000000085a00000, 0x0000000085a00000| Untracked 
|  91|0x0000000085b00000, 0x0000000085b00000, 0x0000000085c00000|  0%| F|  |TAMS 0x0000000085b00000, 0x0000000085b00000| Untracked 
|  92|0x0000000085c00000, 0x0000000085c00000, 0x0000000085d00000|  0%| F|  |TAMS 0x0000000085c00000, 0x0000000085c00000| Untracked 
|  93|0x0000000085d00000, 0x0000000085d00000, 0x0000000085e00000|  0%| F|  |TAMS 0x0000000085d00000, 0x0000000085d00000| Untracked 
|  94|0x0000000085e00000, 0x0000000085e00000, 0x0000000085f00000|  0%| F|  |TAMS 0x0000000085e00000, 0x0000000085e00000| Untracked 
|  95|0x0000000085f00000, 0x0000000085f00000, 0x0000000086000000|  0%| F|  |TAMS 0x0000000085f00000, 0x0000000085f00000| Untracked 
|  96|0x0000000086000000, 0x0000000086000000, 0x0000000086100000|  0%| F|  |TAMS 0x0000000086000000, 0x0000000086000000| Untracked 
|  97|0x0000000086100000, 0x0000000086100000, 0x0000000086200000|  0%| F|  |TAMS 0x0000000086100000, 0x0000000086100000| Untracked 
|  98|0x0000000086200000, 0x0000000086200000, 0x0000000086300000|  0%| F|  |TAMS 0x0000000086200000, 0x0000000086200000| Untracked 
|  99|0x0000000086300000, 0x0000000086300000, 0x0000000086400000|  0%| F|  |TAMS 0x0000000086300000, 0x0000000086300000| Untracked 
| 100|0x0000000086400000, 0x0000000086400000, 0x0000000086500000|  0%| F|  |TAMS 0x0000000086400000, 0x0000000086400000| Untracked 
| 101|0x0000000086500000, 0x0000000086500000, 0x0000000086600000|  0%| F|  |TAMS 0x0000000086500000, 0x0000000086500000| Untracked 
| 102|0x0000000086600000, 0x0000000086600000, 0x0000000086700000|  0%| F|  |TAMS 0x0000000086600000, 0x0000000086600000| Untracked 
| 103|0x0000000086700000, 0x0000000086700000, 0x0000000086800000|  0%| F|  |TAMS 0x0000000086700000, 0x0000000086700000| Untracked 
| 104|0x0000000086800000, 0x0000000086800000, 0x0000000086900000|  0%| F|  |TAMS 0x0000000086800000, 0x0000000086800000| Untracked 
| 105|0x0000000086900000, 0x0000000086900000, 0x0000000086a00000|  0%| F|  |TAMS 0x0000000086900000, 0x0000000086900000| Untracked 
| 106|0x0000000086a00000, 0x0000000086a00000, 0x0000000086b00000|  0%| F|  |TAMS 0x0000000086a00000, 0x0000000086a00000| Untracked 
| 107|0x0000000086b00000, 0x0000000086b00000, 0x0000000086c00000|  0%| F|  |TAMS 0x0000000086b00000, 0x0000000086b00000| Untracked 
| 108|0x0000000086c00000, 0x0000000086c00000, 0x0000000086d00000|  0%| F|  |TAMS 0x0000000086c00000, 0x0000000086c00000| Untracked 
| 109|0x0000000086d00000, 0x0000000086d00000, 0x0000000086e00000|  0%| F|  |TAMS 0x0000000086d00000, 0x0000000086d00000| Untracked 
| 110|0x0000000086e00000, 0x0000000086e00000, 0x0000000086f00000|  0%| F|  |TAMS 0x0000000086e00000, 0x0000000086e00000| Untracked 
| 111|0x0000000086f00000, 0x0000000086f00000, 0x0000000087000000|  0%| F|  |TAMS 0x0000000086f00000, 0x0000000086f00000| Untracked 
| 112|0x0000000087000000, 0x0000000087000000, 0x0000000087100000|  0%| F|  |TAMS 0x0000000087000000, 0x0000000087000000| Untracked 
| 113|0x0000000087100000, 0x0000000087100000, 0x0000000087200000|  0%| F|  |TAMS 0x0000000087100000, 0x0000000087100000| Untracked 
| 114|0x0000000087200000, 0x0000000087200000, 0x0000000087300000|  0%| F|  |TAMS 0x0000000087200000, 0x0000000087200000| Untracked 
| 115|0x0000000087300000, 0x0000000087300000, 0x0000000087400000|  0%| F|  |TAMS 0x0000000087300000, 0x0000000087300000| Untracked 
| 116|0x0000000087400000, 0x0000000087400000, 0x0000000087500000|  0%| F|  |TAMS 0x0000000087400000, 0x0000000087400000| Untracked 
| 117|0x0000000087500000, 0x0000000087500000, 0x0000000087600000|  0%| F|  |TAMS 0x0000000087500000, 0x0000000087500000| Untracked 
| 118|0x0000000087600000, 0x0000000087600000, 0x0000000087700000|  0%| F|  |TAMS 0x0000000087600000, 0x0000000087600000| Untracked 
| 119|0x0000000087700000, 0x0000000087700000, 0x0000000087800000|  0%| F|  |TAMS 0x0000000087700000, 0x0000000087700000| Untracked 
| 120|0x0000000087800000, 0x0000000087800000, 0x0000000087900000|  0%| F|  |TAMS 0x0000000087800000, 0x0000000087800000| Untracked 
| 121|0x0000000087900000, 0x0000000087900000, 0x0000000087a00000|  0%| F|  |TAMS 0x0000000087900000, 0x0000000087900000| Untracked 
| 122|0x0000000087a00000, 0x0000000087a00000, 0x0000000087b00000|  0%| F|  |TAMS 0x0000000087a00000, 0x0000000087a00000| Untracked 
| 123|0x0000000087b00000, 0x0000000087b00000, 0x0000000087c00000|  0%| F|  |TAMS 0x0000000087b00000, 0x0000000087b00000| Untracked 
| 124|0x0000000087c00000, 0x0000000087c00000, 0x0000000087d00000|  0%| F|  |TAMS 0x0000000087c00000, 0x0000000087c00000| Untracked 
| 125|0x0000000087d00000, 0x0000000087d00000, 0x0000000087e00000|  0%| F|  |TAMS 0x0000000087d00000, 0x0000000087d00000| Untracked 
| 126|0x0000000087e00000, 0x0000000087e00000, 0x0000000087f00000|  0%| F|  |TAMS 0x0000000087e00000, 0x0000000087e00000| Untracked 
| 127|0x0000000087f00000, 0x0000000087f00000, 0x0000000088000000|  0%| F|  |TAMS 0x0000000087f00000, 0x0000000087f00000| Untracked 
| 128|0x0000000088000000, 0x0000000088000000, 0x0000000088100000|  0%| F|  |TAMS 0x0000000088000000, 0x0000000088000000| Untracked 
| 129|0x0000000088100000, 0x0000000088100000, 0x0000000088200000|  0%| F|  |TAMS 0x0000000088100000, 0x0000000088100000| Untracked 
| 130|0x0000000088200000, 0x0000000088200000, 0x0000000088300000|  0%| F|  |TAMS 0x0000000088200000, 0x0000000088200000| Untracked 
| 131|0x0000000088300000, 0x0000000088300000, 0x0000000088400000|  0%| F|  |TAMS 0x0000000088300000, 0x0000000088300000| Untracked 
| 132|0x0000000088400000, 0x0000000088400000, 0x0000000088500000|  0%| F|  |TAMS 0x0000000088400000, 0x0000000088400000| Untracked 
| 133|0x0000000088500000, 0x0000000088500000, 0x0000000088600000|  0%| F|  |TAMS 0x0000000088500000, 0x0000000088500000| Untracked 
| 134|0x0000000088600000, 0x0000000088600000, 0x0000000088700000|  0%| F|  |TAMS 0x0000000088600000, 0x0000000088600000| Untracked 
| 135|0x0000000088700000, 0x0000000088700000, 0x0000000088800000|  0%| F|  |TAMS 0x0000000088700000, 0x0000000088700000| Untracked 
| 136|0x0000000088800000, 0x0000000088800000, 0x0000000088900000|  0%| F|  |TAMS 0x0000000088800000, 0x0000000088800000| Untracked 
| 137|0x0000000088900000, 0x0000000088900000, 0x0000000088a00000|  0%| F|  |TAMS 0x0000000088900000, 0x0000000088900000| Untracked 
| 138|0x0000000088a00000, 0x0000000088a00000, 0x0000000088b00000|  0%| F|  |TAMS 0x0000000088a00000, 0x0000000088a00000| Untracked 
| 139|0x0000000088b00000, 0x0000000088b00000, 0x0000000088c00000|  0%| F|  |TAMS 0x0000000088b00000, 0x0000000088b00000| Untracked 
| 140|0x0000000088c00000, 0x0000000088c00000, 0x0000000088d00000|  0%| F|  |TAMS 0x0000000088c00000, 0x0000000088c00000| Untracked 
| 141|0x0000000088d00000, 0x0000000088d00000, 0x0000000088e00000|  0%| F|  |TAMS 0x0000000088d00000, 0x0000000088d00000| Untracked 
| 142|0x0000000088e00000, 0x0000000088e00000, 0x0000000088f00000|  0%| F|  |TAMS 0x0000000088e00000, 0x0000000088e00000| Untracked 
| 143|0x0000000088f00000, 0x0000000088f00000, 0x0000000089000000|  0%| F|  |TAMS 0x0000000088f00000, 0x0000000088f00000| Untracked 
| 144|0x0000000089000000, 0x0000000089000000, 0x0000000089100000|  0%| F|  |TAMS 0x0000000089000000, 0x0000000089000000| Untracked 
| 145|0x0000000089100000, 0x0000000089100000, 0x0000000089200000|  0%| F|  |TAMS 0x0000000089100000, 0x0000000089100000| Untracked 
| 146|0x0000000089200000, 0x0000000089200000, 0x0000000089300000|  0%| F|  |TAMS 0x0000000089200000, 0x0000000089200000| Untracked 
| 147|0x0000000089300000, 0x00000000893e0430, 0x0000000089400000| 87%| S|CS|TAMS 0x0000000089300000, 0x0000000089300000| Complete 
| 148|0x0000000089400000, 0x0000000089500000, 0x0000000089500000|100%| S|CS|TAMS 0x0000000089400000, 0x0000000089400000| Complete 
| 149|0x0000000089500000, 0x0000000089600000, 0x0000000089600000|100%| S|CS|TAMS 0x0000000089500000, 0x0000000089500000| Complete 
| 150|0x0000000089600000, 0x0000000089700000, 0x0000000089700000|100%| S|CS|TAMS 0x0000000089600000, 0x0000000089600000| Complete 
| 151|0x0000000089700000, 0x0000000089800000, 0x0000000089800000|100%| S|CS|TAMS 0x0000000089700000, 0x0000000089700000| Complete 
| 152|0x0000000089800000, 0x0000000089800000, 0x0000000089900000|  0%| F|  |TAMS 0x0000000089800000, 0x0000000089800000| Untracked 
| 153|0x0000000089900000, 0x0000000089900000, 0x0000000089a00000|  0%| F|  |TAMS 0x0000000089900000, 0x0000000089900000| Untracked 
| 154|0x0000000089a00000, 0x0000000089a00000, 0x0000000089b00000|  0%| F|  |TAMS 0x0000000089a00000, 0x0000000089a00000| Untracked 
| 155|0x0000000089b00000, 0x0000000089b00000, 0x0000000089c00000|  0%| F|  |TAMS 0x0000000089b00000, 0x0000000089b00000| Untracked 
| 156|0x0000000089c00000, 0x0000000089c00000, 0x0000000089d00000|  0%| F|  |TAMS 0x0000000089c00000, 0x0000000089c00000| Untracked 
| 157|0x0000000089d00000, 0x0000000089d00000, 0x0000000089e00000|  0%| F|  |TAMS 0x0000000089d00000, 0x0000000089d00000| Untracked 
| 158|0x0000000089e00000, 0x0000000089e00000, 0x0000000089f00000|  0%| F|  |TAMS 0x0000000089e00000, 0x0000000089e00000| Untracked 
| 159|0x0000000089f00000, 0x0000000089f00000, 0x000000008a000000|  0%| F|  |TAMS 0x0000000089f00000, 0x0000000089f00000| Untracked 
| 160|0x000000008a000000, 0x000000008a000000, 0x000000008a100000|  0%| F|  |TAMS 0x000000008a000000, 0x000000008a000000| Untracked 
| 161|0x000000008a100000, 0x000000008a100000, 0x000000008a200000|  0%| F|  |TAMS 0x000000008a100000, 0x000000008a100000| Untracked 
| 162|0x000000008a200000, 0x000000008a200000, 0x000000008a300000|  0%| F|  |TAMS 0x000000008a200000, 0x000000008a200000| Untracked 
| 163|0x000000008a300000, 0x000000008a300000, 0x000000008a400000|  0%| F|  |TAMS 0x000000008a300000, 0x000000008a300000| Untracked 
| 164|0x000000008a400000, 0x000000008a400000, 0x000000008a500000|  0%| F|  |TAMS 0x000000008a400000, 0x000000008a400000| Untracked 
| 165|0x000000008a500000, 0x000000008a500000, 0x000000008a600000|  0%| F|  |TAMS 0x000000008a500000, 0x000000008a500000| Untracked 
| 166|0x000000008a600000, 0x000000008a600000, 0x000000008a700000|  0%| F|  |TAMS 0x000000008a600000, 0x000000008a600000| Untracked 
| 167|0x000000008a700000, 0x000000008a700000, 0x000000008a800000|  0%| F|  |TAMS 0x000000008a700000, 0x000000008a700000| Untracked 
| 168|0x000000008a800000, 0x000000008a800000, 0x000000008a900000|  0%| F|  |TAMS 0x000000008a800000, 0x000000008a800000| Untracked 
| 169|0x000000008a900000, 0x000000008a900000, 0x000000008aa00000|  0%| F|  |TAMS 0x000000008a900000, 0x000000008a900000| Untracked 
| 170|0x000000008aa00000, 0x000000008aa00000, 0x000000008ab00000|  0%| F|  |TAMS 0x000000008aa00000, 0x000000008aa00000| Untracked 
| 171|0x000000008ab00000, 0x000000008ab00000, 0x000000008ac00000|  0%| F|  |TAMS 0x000000008ab00000, 0x000000008ab00000| Untracked 
| 172|0x000000008ac00000, 0x000000008ac00000, 0x000000008ad00000|  0%| F|  |TAMS 0x000000008ac00000, 0x000000008ac00000| Untracked 
| 173|0x000000008ad00000, 0x000000008ad00000, 0x000000008ae00000|  0%| F|  |TAMS 0x000000008ad00000, 0x000000008ad00000| Untracked 
| 174|0x000000008ae00000, 0x000000008ae00000, 0x000000008af00000|  0%| F|  |TAMS 0x000000008ae00000, 0x000000008ae00000| Untracked 
| 175|0x000000008af00000, 0x000000008af00000, 0x000000008b000000|  0%| F|  |TAMS 0x000000008af00000, 0x000000008af00000| Untracked 
| 176|0x000000008b000000, 0x000000008b000000, 0x000000008b100000|  0%| F|  |TAMS 0x000000008b000000, 0x000000008b000000| Untracked 
| 177|0x000000008b100000, 0x000000008b100000, 0x000000008b200000|  0%| F|  |TAMS 0x000000008b100000, 0x000000008b100000| Untracked 
| 178|0x000000008b200000, 0x000000008b200000, 0x000000008b300000|  0%| F|  |TAMS 0x000000008b200000, 0x000000008b200000| Untracked 
| 179|0x000000008b300000, 0x000000008b300000, 0x000000008b400000|  0%| F|  |TAMS 0x000000008b300000, 0x000000008b300000| Untracked 
| 180|0x000000008b400000, 0x000000008b400000, 0x000000008b500000|  0%| F|  |TAMS 0x000000008b400000, 0x000000008b400000| Untracked 
| 181|0x000000008b500000, 0x000000008b500000, 0x000000008b600000|  0%| F|  |TAMS 0x000000008b500000, 0x000000008b500000| Untracked 
| 182|0x000000008b600000, 0x000000008b600000, 0x000000008b700000|  0%| F|  |TAMS 0x000000008b600000, 0x000000008b600000| Untracked 
| 183|0x000000008b700000, 0x000000008b700000, 0x000000008b800000|  0%| F|  |TAMS 0x000000008b700000, 0x000000008b700000| Untracked 
| 184|0x000000008b800000, 0x000000008b800000, 0x000000008b900000|  0%| F|  |TAMS 0x000000008b800000, 0x000000008b800000| Untracked 
| 185|0x000000008b900000, 0x000000008b900000, 0x000000008ba00000|  0%| F|  |TAMS 0x000000008b900000, 0x000000008b900000| Untracked 
| 186|0x000000008ba00000, 0x000000008ba00000, 0x000000008bb00000|  0%| F|  |TAMS 0x000000008ba00000, 0x000000008ba00000| Untracked 
| 187|0x000000008bb00000, 0x000000008bb00000, 0x000000008bc00000|  0%| F|  |TAMS 0x000000008bb00000, 0x000000008bb00000| Untracked 
| 188|0x000000008bc00000, 0x000000008bc00000, 0x000000008bd00000|  0%| F|  |TAMS 0x000000008bc00000, 0x000000008bc00000| Untracked 
| 189|0x000000008bd00000, 0x000000008bd00000, 0x000000008be00000|  0%| F|  |TAMS 0x000000008bd00000, 0x000000008bd00000| Untracked 
| 190|0x000000008be00000, 0x000000008be00000, 0x000000008bf00000|  0%| F|  |TAMS 0x000000008be00000, 0x000000008be00000| Untracked 
| 191|0x000000008bf00000, 0x000000008bf00000, 0x000000008c000000|  0%| F|  |TAMS 0x000000008bf00000, 0x000000008bf00000| Untracked 
| 192|0x000000008c000000, 0x000000008c000000, 0x000000008c100000|  0%| F|  |TAMS 0x000000008c000000, 0x000000008c000000| Untracked 
| 193|0x000000008c100000, 0x000000008c100000, 0x000000008c200000|  0%| F|  |TAMS 0x000000008c100000, 0x000000008c100000| Untracked 
| 194|0x000000008c200000, 0x000000008c200000, 0x000000008c300000|  0%| F|  |TAMS 0x000000008c200000, 0x000000008c200000| Untracked 
| 195|0x000000008c300000, 0x000000008c300000, 0x000000008c400000|  0%| F|  |TAMS 0x000000008c300000, 0x000000008c300000| Untracked 
| 196|0x000000008c400000, 0x000000008c400000, 0x000000008c500000|  0%| F|  |TAMS 0x000000008c400000, 0x000000008c400000| Untracked 
| 197|0x000000008c500000, 0x000000008c500000, 0x000000008c600000|  0%| F|  |TAMS 0x000000008c500000, 0x000000008c500000| Untracked 
| 198|0x000000008c600000, 0x000000008c600000, 0x000000008c700000|  0%| F|  |TAMS 0x000000008c600000, 0x000000008c600000| Untracked 
| 199|0x000000008c700000, 0x000000008c700000, 0x000000008c800000|  0%| F|  |TAMS 0x000000008c700000, 0x000000008c700000| Untracked 
| 200|0x000000008c800000, 0x000000008c800000, 0x000000008c900000|  0%| F|  |TAMS 0x000000008c800000, 0x000000008c800000| Untracked 
| 201|0x000000008c900000, 0x000000008c900000, 0x000000008ca00000|  0%| F|  |TAMS 0x000000008c900000, 0x000000008c900000| Untracked 
| 202|0x000000008ca00000, 0x000000008ca00000, 0x000000008cb00000|  0%| F|  |TAMS 0x000000008ca00000, 0x000000008ca00000| Untracked 
| 203|0x000000008cb00000, 0x000000008cb00000, 0x000000008cc00000|  0%| F|  |TAMS 0x000000008cb00000, 0x000000008cb00000| Untracked 
| 204|0x000000008cc00000, 0x000000008cc00000, 0x000000008cd00000|  0%| F|  |TAMS 0x000000008cc00000, 0x000000008cc00000| Untracked 
| 205|0x000000008cd00000, 0x000000008cd00000, 0x000000008ce00000|  0%| F|  |TAMS 0x000000008cd00000, 0x000000008cd00000| Untracked 
| 206|0x000000008ce00000, 0x000000008ce00000, 0x000000008cf00000|  0%| F|  |TAMS 0x000000008ce00000, 0x000000008ce00000| Untracked 
| 207|0x000000008cf00000, 0x000000008cf00000, 0x000000008d000000|  0%| F|  |TAMS 0x000000008cf00000, 0x000000008cf00000| Untracked 
| 208|0x000000008d000000, 0x000000008d000000, 0x000000008d100000|  0%| F|  |TAMS 0x000000008d000000, 0x000000008d000000| Untracked 
| 209|0x000000008d100000, 0x000000008d100000, 0x000000008d200000|  0%| F|  |TAMS 0x000000008d100000, 0x000000008d100000| Untracked 
| 210|0x000000008d200000, 0x000000008d200000, 0x000000008d300000|  0%| F|  |TAMS 0x000000008d200000, 0x000000008d200000| Untracked 
| 211|0x000000008d300000, 0x000000008d300000, 0x000000008d400000|  0%| F|  |TAMS 0x000000008d300000, 0x000000008d300000| Untracked 
| 212|0x000000008d400000, 0x000000008d400000, 0x000000008d500000|  0%| F|  |TAMS 0x000000008d400000, 0x000000008d400000| Untracked 
| 213|0x000000008d500000, 0x000000008d500000, 0x000000008d600000|  0%| F|  |TAMS 0x000000008d500000, 0x000000008d500000| Untracked 
| 214|0x000000008d600000, 0x000000008d600000, 0x000000008d700000|  0%| F|  |TAMS 0x000000008d600000, 0x000000008d600000| Untracked 
| 215|0x000000008d700000, 0x000000008d700000, 0x000000008d800000|  0%| F|  |TAMS 0x000000008d700000, 0x000000008d700000| Untracked 
| 216|0x000000008d800000, 0x000000008d800000, 0x000000008d900000|  0%| F|  |TAMS 0x000000008d800000, 0x000000008d800000| Untracked 
| 217|0x000000008d900000, 0x000000008d900000, 0x000000008da00000|  0%| F|  |TAMS 0x000000008d900000, 0x000000008d900000| Untracked 
| 218|0x000000008da00000, 0x000000008da00000, 0x000000008db00000|  0%| F|  |TAMS 0x000000008da00000, 0x000000008da00000| Untracked 
| 219|0x000000008db00000, 0x000000008db00000, 0x000000008dc00000|  0%| F|  |TAMS 0x000000008db00000, 0x000000008db00000| Untracked 
| 220|0x000000008dc00000, 0x000000008dc00000, 0x000000008dd00000|  0%| F|  |TAMS 0x000000008dc00000, 0x000000008dc00000| Untracked 
| 221|0x000000008dd00000, 0x000000008dd00000, 0x000000008de00000|  0%| F|  |TAMS 0x000000008dd00000, 0x000000008dd00000| Untracked 
| 222|0x000000008de00000, 0x000000008de00000, 0x000000008df00000|  0%| F|  |TAMS 0x000000008de00000, 0x000000008de00000| Untracked 
| 223|0x000000008df00000, 0x000000008df00000, 0x000000008e000000|  0%| F|  |TAMS 0x000000008df00000, 0x000000008df00000| Untracked 
| 224|0x000000008e000000, 0x000000008e000000, 0x000000008e100000|  0%| F|  |TAMS 0x000000008e000000, 0x000000008e000000| Untracked 
| 225|0x000000008e100000, 0x000000008e100000, 0x000000008e200000|  0%| F|  |TAMS 0x000000008e100000, 0x000000008e100000| Untracked 
| 226|0x000000008e200000, 0x000000008e200000, 0x000000008e300000|  0%| F|  |TAMS 0x000000008e200000, 0x000000008e200000| Untracked 
| 227|0x000000008e300000, 0x000000008e300000, 0x000000008e400000|  0%| F|  |TAMS 0x000000008e300000, 0x000000008e300000| Untracked 
| 228|0x000000008e400000, 0x000000008e400000, 0x000000008e500000|  0%| F|  |TAMS 0x000000008e400000, 0x000000008e400000| Untracked 
| 229|0x000000008e500000, 0x000000008e500000, 0x000000008e600000|  0%| F|  |TAMS 0x000000008e500000, 0x000000008e500000| Untracked 
| 230|0x000000008e600000, 0x000000008e700000, 0x000000008e700000|100%| E|  |TAMS 0x000000008e600000, 0x000000008e600000| Complete 
| 231|0x000000008e700000, 0x000000008e800000, 0x000000008e800000|100%| E|CS|TAMS 0x000000008e700000, 0x000000008e700000| Complete 
| 232|0x000000008e800000, 0x000000008e900000, 0x000000008e900000|100%| E|CS|TAMS 0x000000008e800000, 0x000000008e800000| Complete 
| 233|0x000000008e900000, 0x000000008ea00000, 0x000000008ea00000|100%| E|CS|TAMS 0x000000008e900000, 0x000000008e900000| Complete 
| 234|0x000000008ea00000, 0x000000008eb00000, 0x000000008eb00000|100%| E|CS|TAMS 0x000000008ea00000, 0x000000008ea00000| Complete 
| 235|0x000000008eb00000, 0x000000008ec00000, 0x000000008ec00000|100%| E|CS|TAMS 0x000000008eb00000, 0x000000008eb00000| Complete 
| 236|0x000000008ec00000, 0x000000008ed00000, 0x000000008ed00000|100%| E|CS|TAMS 0x000000008ec00000, 0x000000008ec00000| Complete 
| 237|0x000000008ed00000, 0x000000008ee00000, 0x000000008ee00000|100%| E|CS|TAMS 0x000000008ed00000, 0x000000008ed00000| Complete 
| 238|0x000000008ee00000, 0x000000008ef00000, 0x000000008ef00000|100%| E|CS|TAMS 0x000000008ee00000, 0x000000008ee00000| Complete 
| 239|0x000000008ef00000, 0x000000008f000000, 0x000000008f000000|100%| E|CS|TAMS 0x000000008ef00000, 0x000000008ef00000| Complete 
| 240|0x000000008f000000, 0x000000008f100000, 0x000000008f100000|100%| E|CS|TAMS 0x000000008f000000, 0x000000008f000000| Complete 
| 241|0x000000008f100000, 0x000000008f200000, 0x000000008f200000|100%| E|CS|TAMS 0x000000008f100000, 0x000000008f100000| Complete 
| 242|0x000000008f200000, 0x000000008f300000, 0x000000008f300000|100%| E|CS|TAMS 0x000000008f200000, 0x000000008f200000| Complete 
| 243|0x000000008f300000, 0x000000008f400000, 0x000000008f400000|100%| E|CS|TAMS 0x000000008f300000, 0x000000008f300000| Complete 
| 244|0x000000008f400000, 0x000000008f500000, 0x000000008f500000|100%| E|CS|TAMS 0x000000008f400000, 0x000000008f400000| Complete 
| 245|0x000000008f500000, 0x000000008f600000, 0x000000008f600000|100%| E|CS|TAMS 0x000000008f500000, 0x000000008f500000| Complete 
| 246|0x000000008f600000, 0x000000008f700000, 0x000000008f700000|100%| E|CS|TAMS 0x000000008f600000, 0x000000008f600000| Complete 
| 247|0x000000008f700000, 0x000000008f800000, 0x000000008f800000|100%| E|CS|TAMS 0x000000008f700000, 0x000000008f700000| Complete 
| 248|0x000000008f800000, 0x000000008f900000, 0x000000008f900000|100%| E|CS|TAMS 0x000000008f800000, 0x000000008f800000| Complete 
| 249|0x000000008f900000, 0x000000008fa00000, 0x000000008fa00000|100%| E|CS|TAMS 0x000000008f900000, 0x000000008f900000| Complete 

Card table byte_map: [0x0000020ff8b80000,0x0000020ff8f80000] _byte_map_base: 0x0000020ff8780000

Marking Bits (Prev, Next): (CMBitMap*) 0x0000020fdfea9250, (CMBitMap*) 0x0000020fdfea9290
 Prev Bits: [0x0000020ff9380000, 0x0000020ffb380000)
 Next Bits: [0x0000020ffb380000, 0x0000020ffd380000)

Polling page: 0x0000020fdfc70000

Metaspace:

Usage:
  Non-class:     65.73 MB used.
      Class:     10.65 MB used.
       Both:     76.39 MB used.

Virtual space:
  Non-class space:      128.00 MB reserved,      66.19 MB ( 52%) committed,  2 nodes.
      Class space:      416.00 MB reserved,      11.06 MB (  3%) committed,  1 nodes.
             Both:      544.00 MB reserved,      77.25 MB ( 14%) committed. 

Chunk freelists:
   Non-Class:  13.80 MB
       Class:  4.99 MB
        Both:  18.79 MB

MaxMetaspaceSize: 512.00 MB
CompressedClassSpaceSize: 416.00 MB
Initial GC threshold: 21.00 MB
Current GC threshold: 112.50 MB
CDS: on
MetaspaceReclaimPolicy: balanced
 - commit_granule_bytes: 65536.
 - commit_granule_words: 8192.
 - virtual_space_node_default_size: 8388608.
 - enlarge_chunks_in_place: 1.
 - new_chunks_are_fully_committed: 0.
 - uncommit_free_chunks: 1.
 - use_allocation_guard: 0.
 - handle_deallocations: 1.


Internal statistics:

num_allocs_failed_limit: 6.
num_arena_births: 1100.
num_arena_deaths: 0.
num_vsnodes_births: 3.
num_vsnodes_deaths: 0.
num_space_committed: 1236.
num_space_uncommitted: 0.
num_chunks_returned_to_freelist: 6.
num_chunks_taken_from_freelist: 4363.
num_chunk_merges: 6.
num_chunk_splits: 2781.
num_chunks_enlarged: 1742.
num_inconsistent_stats: 0.

CodeHeap 'non-profiled nmethods': size=120000Kb used=5613Kb max_used=5759Kb free=114387Kb
 bounds [0x0000020ff0c30000, 0x0000020ff11d0000, 0x0000020ff8160000]
CodeHeap 'profiled nmethods': size=120000Kb used=18187Kb max_used=20050Kb free=101812Kb
 bounds [0x0000020fe9160000, 0x0000020fea500000, 0x0000020ff0690000]
CodeHeap 'non-nmethods': size=5760Kb used=2416Kb max_used=2497Kb free=3343Kb
 bounds [0x0000020ff0690000, 0x0000020ff0920000, 0x0000020ff0c30000]
 total_blobs=10650 nmethods=9696 adapters=866
 compilation: enabled
              stopped_count=0, restarted_count=0
 full_count=0

Compilation events (20 events):
Event: 36.633 Thread 0x0000020fff9bde00 nmethod 11345 0x0000020fe959ea10 code [0x0000020fe959ec20, 0x0000020fe959f3f8]
Event: 36.633 Thread 0x0000020fff9bde00 11346       3       org.gradle.api.internal.initialization.transform.utils.InstrumentationClasspathMerger$$Lambda$994/0x0000020f816fd418::apply (8 bytes)
Event: 36.633 Thread 0x0000020fff9bde00 nmethod 11346 0x0000020fe97b6210 code [0x0000020fe97b63c0, 0x0000020fe97b6638]
Event: 36.633 Thread 0x0000020fff9bde00 11347       3       org.gradle.api.internal.initialization.transform.utils.InstrumentationClasspathMerger::lambda$mergeToClasspath$2 (5 bytes)
Event: 36.633 Thread 0x0000020fff9bde00 nmethod 11347 0x0000020fe953e210 code [0x0000020fe953e3a0, 0x0000020fe953e498]
Event: 36.639 Thread 0x0000020fff9bde00 11348       3       org.gradle.internal.serialize.HashCodeSerializer::write (10 bytes)
Event: 36.640 Thread 0x0000020fff9bde00 nmethod 11348 0x0000020fe9661d90 code [0x0000020fe9661f80, 0x0000020fe96625a8]
Event: 36.640 Thread 0x0000020fff9bde00 11349       3       org.gradle.internal.serialize.HashCodeSerializer::write (22 bytes)
Event: 36.640 Thread 0x0000020fff9bde00 nmethod 11349 0x0000020fe98d5790 code [0x0000020fe98d5960, 0x0000020fe98d5e28]
Event: 36.640 Thread 0x0000020fff9bde00 11350       3       org.gradle.internal.serialize.AbstractEncoder::writeBytes (9 bytes)
Event: 36.640 Thread 0x0000020fff9bde00 nmethod 11350 0x0000020fe96d2210 code [0x0000020fe96d23c0, 0x0000020fe96d25a8]
Event: 36.640 Thread 0x0000020fff9bde00 11351       3       org.gradle.internal.serialize.HashCodeSerializer::read (6 bytes)
Event: 36.640 Thread 0x0000020fff9bde00 nmethod 11351 0x0000020fe91d5910 code [0x0000020fe91d5ae0, 0x0000020fe91d5ec8]
Event: 36.648 Thread 0x0000020fff9bde00 11352       3       com.google.common.collect.AbstractMapEntry::hashCode (36 bytes)
Event: 36.649 Thread 0x0000020fff9bde00 nmethod 11352 0x0000020fe91db510 code [0x0000020fe91db6e0, 0x0000020fe91dba78]
Event: 36.660 Thread 0x0000020fff9bde00 11354       3       org.codehaus.groovy.runtime.metaclass.MetaMethodIndex::resize (103 bytes)
Event: 36.660 Thread 0x0000020fff9bde00 nmethod 11354 0x0000020fe9736290 code [0x0000020fe9736460, 0x0000020fe9736a38]
Event: 36.660 Thread 0x0000020fff9bde00 11355       3       org.codehaus.groovy.util.FastArray::set (8 bytes)
Event: 36.660 Thread 0x0000020fff9bde00 nmethod 11355 0x0000020fe97c5590 code [0x0000020fe97c5740, 0x0000020fe97c59f8]
Event: 36.662 Thread 0x0000020fff9bde00 11357       3       org.codehaus.groovy.util.SingleKeyHashMap::<init> (5 bytes)

GC Heap History (20 events):
Event: 22.125 GC heap before
{Heap before GC invocations=21 (full 0):
 garbage-first heap   total 107520K, used 60144K [0x0000000080000000, 0x0000000100000000)
  region size 1024K, 5 young (5120K), 2 survivors (2048K)
 Metaspace       used 62326K, committed 62976K, reserved 491520K
  class space    used 8739K, committed 9088K, reserved 425984K
}
Event: 22.129 GC heap after
{Heap after GC invocations=22 (full 0):
 garbage-first heap   total 107520K, used 57493K [0x0000000080000000, 0x0000000100000000)
  region size 1024K, 1 young (1024K), 1 survivors (1024K)
 Metaspace       used 62326K, committed 62976K, reserved 491520K
  class space    used 8739K, committed 9088K, reserved 425984K
}
Event: 22.372 GC heap before
{Heap before GC invocations=22 (full 0):
 garbage-first heap   total 107520K, used 69781K [0x0000000080000000, 0x0000000100000000)
  region size 1024K, 14 young (14336K), 1 survivors (1024K)
 Metaspace       used 64037K, committed 64768K, reserved 491520K
  class space    used 8983K, committed 9344K, reserved 425984K
}
Event: 22.375 GC heap after
{Heap after GC invocations=23 (full 0):
 garbage-first heap   total 107520K, used 58243K [0x0000000080000000, 0x0000000100000000)
  region size 1024K, 2 young (2048K), 2 survivors (2048K)
 Metaspace       used 64037K, committed 64768K, reserved 491520K
  class space    used 8983K, committed 9344K, reserved 425984K
}
Event: 22.838 GC heap before
{Heap before GC invocations=24 (full 0):
 garbage-first heap   total 121856K, used 94083K [0x0000000080000000, 0x0000000100000000)
  region size 1024K, 30 young (30720K), 2 survivors (2048K)
 Metaspace       used 66185K, committed 66880K, reserved 491520K
  class space    used 9253K, committed 9600K, reserved 425984K
}
Event: 22.842 GC heap after
{Heap after GC invocations=25 (full 0):
 garbage-first heap   total 121856K, used 69184K [0x0000000080000000, 0x0000000100000000)
  region size 1024K, 4 young (4096K), 4 survivors (4096K)
 Metaspace       used 66185K, committed 66880K, reserved 491520K
  class space    used 9253K, committed 9600K, reserved 425984K
}
Event: 22.855 GC heap before
{Heap before GC invocations=25 (full 0):
 garbage-first heap   total 121856K, used 70208K [0x0000000080000000, 0x0000000100000000)
  region size 1024K, 5 young (5120K), 4 survivors (4096K)
 Metaspace       used 66269K, committed 66944K, reserved 491520K
  class space    used 9263K, committed 9600K, reserved 425984K
}
Event: 22.859 GC heap after
{Heap after GC invocations=26 (full 0):
 garbage-first heap   total 121856K, used 68932K [0x0000000080000000, 0x0000000100000000)
  region size 1024K, 1 young (1024K), 1 survivors (1024K)
 Metaspace       used 66269K, committed 66944K, reserved 491520K
  class space    used 9263K, committed 9600K, reserved 425984K
}
Event: 23.206 GC heap before
{Heap before GC invocations=26 (full 0):
 garbage-first heap   total 121856K, used 98628K [0x0000000080000000, 0x0000000100000000)
  region size 1024K, 30 young (30720K), 1 survivors (1024K)
 Metaspace       used 67991K, committed 68672K, reserved 491520K
  class space    used 9515K, committed 9856K, reserved 425984K
}
Event: 23.210 GC heap after
{Heap after GC invocations=27 (full 0):
 garbage-first heap   total 121856K, used 69497K [0x0000000080000000, 0x0000000100000000)
  region size 1024K, 1 young (1024K), 1 survivors (1024K)
 Metaspace       used 67991K, committed 68672K, reserved 491520K
  class space    used 9515K, committed 9856K, reserved 425984K
}
Event: 23.663 GC heap before
{Heap before GC invocations=28 (full 0):
 garbage-first heap   total 128000K, used 100217K [0x0000000080000000, 0x0000000100000000)
  region size 1024K, 31 young (31744K), 1 survivors (1024K)
 Metaspace       used 69055K, committed 69696K, reserved 491520K
  class space    used 9651K, committed 9984K, reserved 425984K
}
Event: 23.670 GC heap after
{Heap after GC invocations=29 (full 0):
 garbage-first heap   total 128000K, used 72626K [0x0000000080000000, 0x0000000100000000)
  region size 1024K, 4 young (4096K), 4 survivors (4096K)
 Metaspace       used 69055K, committed 69696K, reserved 491520K
  class space    used 9651K, committed 9984K, reserved 425984K
}
Event: 23.723 GC heap before
{Heap before GC invocations=29 (full 0):
 garbage-first heap   total 128000K, used 73650K [0x0000000080000000, 0x0000000100000000)
  region size 1024K, 6 young (6144K), 4 survivors (4096K)
 Metaspace       used 69185K, committed 69952K, reserved 491520K
  class space    used 9667K, committed 10048K, reserved 425984K
}
Event: 23.731 GC heap after
{Heap after GC invocations=30 (full 0):
 garbage-first heap   total 256000K, used 72568K [0x0000000080000000, 0x0000000100000000)
  region size 1024K, 1 young (1024K), 1 survivors (1024K)
 Metaspace       used 69185K, committed 69952K, reserved 491520K
  class space    used 9667K, committed 10048K, reserved 425984K
}
Event: 25.957 GC heap before
{Heap before GC invocations=30 (full 0):
 garbage-first heap   total 256000K, used 173944K [0x0000000080000000, 0x0000000100000000)
  region size 1024K, 100 young (102400K), 1 survivors (1024K)
 Metaspace       used 75464K, committed 76288K, reserved 491520K
  class space    used 10613K, committed 11008K, reserved 425984K
}
Event: 25.977 GC heap after
{Heap after GC invocations=31 (full 0):
 garbage-first heap   total 256000K, used 81077K [0x0000000080000000, 0x0000000100000000)
  region size 1024K, 10 young (10240K), 10 survivors (10240K)
 Metaspace       used 75464K, committed 76288K, reserved 491520K
  class space    used 10613K, committed 11008K, reserved 425984K
}
Event: 35.503 GC heap before
{Heap before GC invocations=31 (full 0):
 garbage-first heap   total 256000K, used 183477K [0x0000000080000000, 0x0000000100000000)
  region size 1024K, 110 young (112640K), 10 survivors (10240K)
 Metaspace       used 78136K, committed 78976K, reserved 557056K
  class space    used 10903K, committed 11328K, reserved 425984K
}
Event: 35.536 GC heap after
{Heap after GC invocations=32 (full 0):
 garbage-first heap   total 256000K, used 89357K [0x0000000080000000, 0x0000000100000000)
  region size 1024K, 10 young (10240K), 10 survivors (10240K)
 Metaspace       used 78136K, committed 78976K, reserved 557056K
  class space    used 10903K, committed 11328K, reserved 425984K
}
Event: 36.495 GC heap before
{Heap before GC invocations=32 (full 0):
 garbage-first heap   total 256000K, used 188685K [0x0000000080000000, 0x0000000100000000)
  region size 1024K, 108 young (110592K), 10 survivors (10240K)
 Metaspace       used 78186K, committed 79040K, reserved 557056K
  class space    used 10904K, committed 11328K, reserved 425984K
}
Event: 36.511 GC heap after
{Heap after GC invocations=33 (full 0):
 garbage-first heap   total 256000K, used 92585K [0x0000000080000000, 0x0000000100000000)
  region size 1024K, 5 young (5120K), 5 survivors (5120K)
 Metaspace       used 78186K, committed 79040K, reserved 557056K
  class space    used 10904K, committed 11328K, reserved 425984K
}

Dll operation events (14 events):
Event: 0.019 Loaded shared library C:\Program Files\Microsoft\jdk-17.0.8.7-hotspot\bin\java.dll
Event: 0.082 Loaded shared library C:\Program Files\Microsoft\jdk-17.0.8.7-hotspot\bin\jsvml.dll
Event: 0.290 Loaded shared library C:\Program Files\Microsoft\jdk-17.0.8.7-hotspot\bin\zip.dll
Event: 0.297 Loaded shared library C:\Program Files\Microsoft\jdk-17.0.8.7-hotspot\bin\instrument.dll
Event: 0.306 Loaded shared library C:\Program Files\Microsoft\jdk-17.0.8.7-hotspot\bin\net.dll
Event: 0.311 Loaded shared library C:\Program Files\Microsoft\jdk-17.0.8.7-hotspot\bin\nio.dll
Event: 0.315 Loaded shared library C:\Program Files\Microsoft\jdk-17.0.8.7-hotspot\bin\zip.dll
Event: 1.215 Loaded shared library C:\Program Files\Microsoft\jdk-17.0.8.7-hotspot\bin\jimage.dll
Event: 1.895 Loaded shared library C:\Program Files\Microsoft\jdk-17.0.8.7-hotspot\bin\verify.dll
Event: 2.355 Loaded shared library C:\Users\User\.gradle\native\c067742578af261105cb4f569cf0c3c89f3d7b1fecec35dd04571415982c5e48\windows-amd64\native-platform.dll
Event: 2.382 Loaded shared library C:\Users\User\.gradle\native\100fb08df4bc3b14c8652ba06237920a3bd2aa13389f12d3474272988ae205f9\windows-amd64\native-platform-file-events.dll
Event: 4.973 Loaded shared library C:\Program Files\Microsoft\jdk-17.0.8.7-hotspot\bin\management.dll
Event: 4.979 Loaded shared library C:\Program Files\Microsoft\jdk-17.0.8.7-hotspot\bin\management_ext.dll
Event: 5.877 Loaded shared library C:\Program Files\Microsoft\jdk-17.0.8.7-hotspot\bin\sunmscapi.dll

Deoptimization events (20 events):
Event: 36.355 Thread 0x0000020fa023cf10 Uncommon trap: trap_request=0xffffffd6 fr.pc=0x0000020ff0dc9acc relative=0x000000000000190c
Event: 36.355 Thread 0x0000020fa023cf10 Uncommon trap: reason=array_check action=maybe_recompile pc=0x0000020ff0dc9acc method=java.util.TimSort.reverseRange([Ljava/lang/Object;II)V @ 20 c2
Event: 36.355 Thread 0x0000020fa023cf10 DEOPT PACKING pc=0x0000020ff0dc9acc sp=0x000000b9159f7040
Event: 36.355 Thread 0x0000020fa023cf10 DEOPT UNPACKING pc=0x0000020ff06e69a3 sp=0x000000b9159f6ef8 mode 2
Event: 36.548 Thread 0x0000020f9f926fb0 Uncommon trap: trap_request=0xffffffd6 fr.pc=0x0000020ff0dc62a4 relative=0x0000000000000804
Event: 36.549 Thread 0x0000020fa2d02300 Uncommon trap: trap_request=0xffffffd6 fr.pc=0x0000020ff0dc62a4 relative=0x0000000000000804
Event: 36.549 Thread 0x0000020fa2d02300 Uncommon trap: reason=array_check action=maybe_recompile pc=0x0000020ff0dc62a4 method=java.util.TimSort.reverseRange([Ljava/lang/Object;II)V @ 27 c2
Event: 36.549 Thread 0x0000020fa2d02300 DEOPT PACKING pc=0x0000020ff0dc62a4 sp=0x000000b9177fd460
Event: 36.549 Thread 0x0000020fa2d04670 Uncommon trap: trap_request=0xffffffd6 fr.pc=0x0000020ff0dc62a4 relative=0x0000000000000804
Event: 36.549 Thread 0x0000020fa2d04670 Uncommon trap: reason=array_check action=maybe_recompile pc=0x0000020ff0dc62a4 method=java.util.TimSort.reverseRange([Ljava/lang/Object;II)V @ 27 c2
Event: 36.549 Thread 0x0000020fa2d02300 DEOPT UNPACKING pc=0x0000020ff06e69a3 sp=0x000000b9177fd3a0 mode 2
Event: 36.549 Thread 0x0000020fa2d04670 DEOPT PACKING pc=0x0000020ff0dc62a4 sp=0x000000b9178fd180
Event: 36.549 Thread 0x0000020fa2d04670 DEOPT UNPACKING pc=0x0000020ff06e69a3 sp=0x000000b9178fd0c0 mode 2
Event: 36.549 Thread 0x0000020f9f926fb0 Uncommon trap: reason=array_check action=maybe_recompile pc=0x0000020ff0dc62a4 method=java.util.TimSort.reverseRange([Ljava/lang/Object;II)V @ 27 c2
Event: 36.549 Thread 0x0000020f9f926fb0 DEOPT PACKING pc=0x0000020ff0dc62a4 sp=0x000000b9174fd4e0
Event: 36.549 Thread 0x0000020f9f926fb0 DEOPT UNPACKING pc=0x0000020ff06e69a3 sp=0x000000b9174fd420 mode 2
Event: 36.655 Thread 0x0000020fa0022a30 Uncommon trap: trap_request=0xffffffcc fr.pc=0x0000020ff11b766c relative=0x00000000000003cc
Event: 36.655 Thread 0x0000020fa0022a30 Uncommon trap: reason=intrinsic_or_type_checked_inlining action=make_not_entrant pc=0x0000020ff11b766c method=java.util.Arrays.copyOfRange([Ljava/lang/Object;IILjava/lang/Class;)[Ljava/lang/Object; @ 84 c2
Event: 36.655 Thread 0x0000020fa0022a30 DEOPT PACKING pc=0x0000020ff11b766c sp=0x000000b91a6fd9d0
Event: 36.655 Thread 0x0000020fa0022a30 DEOPT UNPACKING pc=0x0000020ff06e69a3 sp=0x000000b91a6fd950 mode 2

Classes unloaded (0 events):
No events

Classes redefined (0 events):
No events

Internal exceptions (20 events):
Event: 27.154 Thread 0x0000020fa023cf10 Exception <a 'java/lang/ClassNotFoundException'{0x000000008c6f1670}: org/gradle/api/internal/DefaultDomainObjectCollectionBeanInfo> (0x000000008c6f1670) 
thrown [s\src\hotspot\share\classfile\systemDictionary.cpp, line 256]
Event: 27.154 Thread 0x0000020fa023cf10 Exception <a 'java/lang/ClassNotFoundException'{0x000000008c6f9458}: java/util/AbstractCollectionBeanInfo> (0x000000008c6f9458) 
thrown [s\src\hotspot\share\classfile\systemDictionary.cpp, line 256]
Event: 27.154 Thread 0x0000020fa023cf10 Exception <a 'java/lang/ClassNotFoundException'{0x000000008c501758}: java/util/AbstractCollectionCustomizer> (0x000000008c501758) 
thrown [s\src\hotspot\share\classfile\systemDictionary.cpp, line 256]
Event: 27.156 Thread 0x0000020fa023cf10 Exception <a 'java/lang/ClassNotFoundException'{0x000000008c520f48}: org/gradle/api/internal/DefaultDomainObjectCollectionCustomizer> (0x000000008c520f48) 
thrown [s\src\hotspot\share\classfile\systemDictionary.cpp, line 256]
Event: 27.158 Thread 0x0000020fa023cf10 Exception <a 'java/lang/ClassNotFoundException'{0x000000008c5570a0}: org/gradle/api/internal/DefaultNamedDomainObjectCollectionCustomizer> (0x000000008c5570a0) 
thrown [s\src\hotspot\share\classfile\systemDictionary.cpp, line 256]
Event: 27.161 Thread 0x0000020fa023cf10 Exception <a 'java/lang/ClassNotFoundException'{0x000000008c595e50}: org/gradle/api/internal/DefaultNamedDomainObjectListCustomizer> (0x000000008c595e50) 
thrown [s\src\hotspot\share\classfile\systemDictionary.cpp, line 256]
Event: 27.162 Thread 0x0000020fa023cf10 Exception <a 'java/lang/ClassNotFoundException'{0x000000008c5cb790}: org/gradle/api/internal/artifacts/DefaultArtifactRepositoryContainerCustomizer> (0x000000008c5cb790) 
thrown [s\src\hotspot\share\classfile\systemDictionary.cpp, line 256]
Event: 27.165 Thread 0x0000020fa023cf10 Exception <a 'java/lang/ClassNotFoundException'{0x000000008c5f5830}: org/gradle/api/internal/artifacts/dsl/DefaultRepositoryHandlerCustomizer> (0x000000008c5f5830) 
thrown [s\src\hotspot\share\classfile\systemDictionary.cpp, line 256]
Event: 27.168 Thread 0x0000020fa023cf10 Exception <a 'java/lang/ClassNotFoundException'{0x000000008c42e558}: org/gradle/api/internal/artifacts/dsl/DefaultRepositoryHandler_DecoratedCustomizer> (0x000000008c42e558) 
thrown [s\src\hotspot\share\classfile\systemDictionary.cpp, line 256]
Event: 27.184 Thread 0x0000020fa023cf10 Exception <a 'java/lang/ClassNotFoundException'{0x000000008c4d7730}: org/gradle/api/internal/artifacts/dsl/dependencies/DefaultDependencyHandler_DecoratedBeanInfo> (0x000000008c4d7730) 
thrown [s\src\hotspot\share\classfile\systemDictionary.cpp, line 256]
Event: 27.185 Thread 0x0000020fa023cf10 Exception <a 'java/lang/ClassNotFoundException'{0x000000008c4ef430}: org/gradle/api/internal/artifacts/dsl/dependencies/DefaultDependencyHandlerBeanInfo> (0x000000008c4ef430) 
thrown [s\src\hotspot\share\classfile\systemDictionary.cpp, line 256]
Event: 27.187 Thread 0x0000020fa023cf10 Exception <a 'java/lang/ClassNotFoundException'{0x000000008c306af8}: org/gradle/api/internal/artifacts/dsl/dependencies/DefaultDependencyHandlerCustomizer> (0x000000008c306af8) 
thrown [s\src\hotspot\share\classfile\systemDictionary.cpp, line 256]
Event: 27.190 Thread 0x0000020fa023cf10 Exception <a 'java/lang/ClassNotFoundException'{0x000000008c346340}: org/gradle/api/internal/artifacts/dsl/dependencies/DefaultDependencyHandler_DecoratedCustomizer> (0x000000008c346340) 
thrown [s\src\hotspot\share\classfile\systemDictionary.cpp, line 256]
Event: 35.031 Thread 0x0000020fa2d069e0 Exception <a 'sun/nio/fs/WindowsException'{0x000000008afceeb8}> (0x000000008afceeb8) 
thrown [s\src\hotspot\share\prims\jni.cpp, line 516]
Event: 35.031 Thread 0x0000020fa2d069e0 Exception <a 'sun/nio/fs/WindowsException'{0x000000008afd1578}> (0x000000008afd1578) 
thrown [s\src\hotspot\share\prims\jni.cpp, line 516]
Event: 35.032 Thread 0x0000020fa2d069e0 Exception <a 'sun/nio/fs/WindowsException'{0x000000008afd39c8}> (0x000000008afd39c8) 
thrown [s\src\hotspot\share\prims\jni.cpp, line 516]
Event: 35.032 Thread 0x0000020fa2d069e0 Exception <a 'sun/nio/fs/WindowsException'{0x000000008afd5d00}> (0x000000008afd5d00) 
thrown [s\src\hotspot\share\prims\jni.cpp, line 516]
Event: 35.372 Thread 0x0000020f9f926aa0 Implicit null exception at 0x0000020ff11ceb0a to 0x0000020ff11cf20c
Event: 36.661 Thread 0x0000020fa023cf10 Exception <a 'java/lang/ClassNotFoundException'{0x000000008ebf98e0}: build_430oxjmi7k9scrysxwl5jy6ivBeanInfo> (0x000000008ebf98e0) 
thrown [s\src\hotspot\share\classfile\systemDictionary.cpp, line 256]
Event: 36.661 Thread 0x0000020fa023cf10 Exception <a 'java/lang/ClassNotFoundException'{0x000000008ea17ff8}: build_430oxjmi7k9scrysxwl5jy6ivCustomizer> (0x000000008ea17ff8) 
thrown [s\src\hotspot\share\classfile\systemDictionary.cpp, line 256]

VM Operations (20 events):
Event: 34.304 Executing VM operation: Cleanup
Event: 34.304 Executing VM operation: Cleanup done
Event: 34.746 Executing VM operation: ICBufferFull
Event: 34.746 Executing VM operation: ICBufferFull done
Event: 34.950 Executing VM operation: ICBufferFull
Event: 34.950 Executing VM operation: ICBufferFull done
Event: 35.322 Executing VM operation: HandshakeAllThreads
Event: 35.323 Executing VM operation: HandshakeAllThreads done
Event: 35.328 Executing VM operation: ICBufferFull
Event: 35.328 Executing VM operation: ICBufferFull done
Event: 35.368 Executing VM operation: HandshakeAllThreads
Event: 35.368 Executing VM operation: HandshakeAllThreads done
Event: 35.398 Executing VM operation: HandshakeAllThreads
Event: 35.398 Executing VM operation: HandshakeAllThreads done
Event: 35.503 Executing VM operation: G1CollectForAllocation
Event: 35.536 Executing VM operation: G1CollectForAllocation done
Event: 36.450 Executing VM operation: ICBufferFull
Event: 36.451 Executing VM operation: ICBufferFull done
Event: 36.495 Executing VM operation: G1CollectForAllocation
Event: 36.512 Executing VM operation: G1CollectForAllocation done

Events (20 events):
Event: 35.412 Thread 0x0000020fffacafc0 flushing nmethod 0x0000020fea06e490
Event: 35.412 Thread 0x0000020fffacafc0 flushing nmethod 0x0000020fea070510
Event: 35.412 Thread 0x0000020fffacafc0 flushing nmethod 0x0000020fea078c90
Event: 35.412 Thread 0x0000020fffacafc0 flushing nmethod 0x0000020fea07b410
Event: 35.412 Thread 0x0000020fffacafc0 flushing nmethod 0x0000020fea099310
Event: 35.412 Thread 0x0000020fffacafc0 flushing nmethod 0x0000020fea09e390
Event: 35.412 Thread 0x0000020fffacafc0 flushing nmethod 0x0000020fea0b4790
Event: 35.412 Thread 0x0000020fffacafc0 flushing nmethod 0x0000020fea0de610
Event: 35.412 Thread 0x0000020fffacafc0 flushing nmethod 0x0000020fea101510
Event: 35.412 Thread 0x0000020fffacafc0 flushing nmethod 0x0000020fea143d90
Event: 35.412 Thread 0x0000020fffacafc0 flushing nmethod 0x0000020fea147a90
Event: 35.413 Thread 0x0000020fffacafc0 flushing nmethod 0x0000020fea1d0f10
Event: 35.413 Thread 0x0000020fffacafc0 flushing nmethod 0x0000020fea1d5e90
Event: 35.413 Thread 0x0000020fffacafc0 flushing nmethod 0x0000020fea21b090
Event: 35.413 Thread 0x0000020fffacafc0 flushing nmethod 0x0000020fea2a7290
Event: 35.414 Thread 0x0000020fffacafc0 flushing nmethod 0x0000020fea2aa110
Event: 35.414 Thread 0x0000020fffacafc0 flushing nmethod 0x0000020fea2c2210
Event: 35.414 Thread 0x0000020fffacafc0 flushing nmethod 0x0000020fea2dfa10
Event: 35.415 Thread 0x0000020fffacafc0 flushing nmethod 0x0000020fea3e1610
Event: 36.654 Thread 0x0000020fa0022a30 Thread added: 0x0000020fa0022a30


Dynamic libraries:
0x00007ff6b5580000 - 0x00007ff6b558e000 	C:\Program Files\Microsoft\jdk-17.0.8.7-hotspot\bin\java.exe
0x00007ffeec690000 - 0x00007ffeec888000 	C:\Windows\SYSTEM32\ntdll.dll
0x00007ffeebfb0000 - 0x00007ffeec072000 	C:\Windows\System32\KERNEL32.DLL
0x00007ffee9fc0000 - 0x00007ffeea2be000 	C:\Windows\System32\KERNELBASE.dll
0x00007ffeea5b0000 - 0x00007ffeea6b0000 	C:\Windows\System32\ucrtbase.dll
0x00007ffed7070000 - 0x00007ffed7087000 	C:\Program Files\Microsoft\jdk-17.0.8.7-hotspot\bin\jli.dll
0x00007ffeea8c0000 - 0x00007ffeeaa5d000 	C:\Windows\System32\USER32.dll
0x00007ffeea480000 - 0x00007ffeea4a2000 	C:\Windows\System32\win32u.dll
0x00007ffeea880000 - 0x00007ffeea8ab000 	C:\Windows\System32\GDI32.dll
0x00007ffeea360000 - 0x00007ffeea477000 	C:\Windows\System32\gdi32full.dll
0x00007ffee9f20000 - 0x00007ffee9fbd000 	C:\Windows\System32\msvcp_win.dll
0x00007ffee1360000 - 0x00007ffee137b000 	C:\Program Files\Microsoft\jdk-17.0.8.7-hotspot\bin\VCRUNTIME140.dll
0x00007ffed5ee0000 - 0x00007ffed617a000 	C:\Windows\WinSxS\amd64_microsoft.windows.common-controls_6595b64144ccf1df_6.0.19041.4355_none_60b8b9eb71f62e16\COMCTL32.dll
0x00007ffeea7e0000 - 0x00007ffeea87e000 	C:\Windows\System32\msvcrt.dll
0x00007ffeebea0000 - 0x00007ffeebecf000 	C:\Windows\System32\IMM32.DLL
0x00007ffee2f60000 - 0x00007ffee2f6c000 	C:\Program Files\Microsoft\jdk-17.0.8.7-hotspot\bin\vcruntime140_1.dll
0x00007ffeb1be0000 - 0x00007ffeb1c6d000 	C:\Program Files\Microsoft\jdk-17.0.8.7-hotspot\bin\msvcp140.dll
0x00007ffe7dc90000 - 0x00007ffe7e8f5000 	C:\Program Files\Microsoft\jdk-17.0.8.7-hotspot\bin\server\jvm.dll
0x00007ffeeac30000 - 0x00007ffeeace1000 	C:\Windows\System32\ADVAPI32.dll
0x00007ffeec4f0000 - 0x00007ffeec58f000 	C:\Windows\System32\sechost.dll
0x00007ffeebbc0000 - 0x00007ffeebce3000 	C:\Windows\System32\RPCRT4.dll
0x00007ffeea2c0000 - 0x00007ffeea2e7000 	C:\Windows\System32\bcrypt.dll
0x00007ffee9b90000 - 0x00007ffee9bdb000 	C:\Windows\SYSTEM32\POWRPROF.dll
0x00007ffed15f0000 - 0x00007ffed15f9000 	C:\Windows\SYSTEM32\WSOCK32.dll
0x00007ffeeb3e0000 - 0x00007ffeeb44b000 	C:\Windows\System32\WS2_32.dll
0x00007ffed6240000 - 0x00007ffed6267000 	C:\Windows\SYSTEM32\WINMM.dll
0x00007ffee34a0000 - 0x00007ffee34aa000 	C:\Windows\SYSTEM32\VERSION.dll
0x00007ffee9ac0000 - 0x00007ffee9ad2000 	C:\Windows\SYSTEM32\UMPDC.dll
0x00007ffee8550000 - 0x00007ffee8562000 	C:\Windows\SYSTEM32\kernel.appcore.dll
0x00007ffee1350000 - 0x00007ffee135a000 	C:\Program Files\Microsoft\jdk-17.0.8.7-hotspot\bin\jimage.dll
0x00007ffee74d0000 - 0x00007ffee76b4000 	C:\Windows\SYSTEM32\DBGHELP.DLL
0x00007ffece4d0000 - 0x00007ffece504000 	C:\Windows\SYSTEM32\dbgcore.DLL
0x00007ffee9e90000 - 0x00007ffee9f12000 	C:\Windows\System32\bcryptPrimitives.dll
0x00007ffed3c70000 - 0x00007ffed3c7e000 	C:\Program Files\Microsoft\jdk-17.0.8.7-hotspot\bin\instrument.dll
0x00007ffed7040000 - 0x00007ffed7065000 	C:\Program Files\Microsoft\jdk-17.0.8.7-hotspot\bin\java.dll
0x00007ffe9a190000 - 0x00007ffe9a267000 	C:\Program Files\Microsoft\jdk-17.0.8.7-hotspot\bin\jsvml.dll
0x00007ffeeb450000 - 0x00007ffeebbbd000 	C:\Windows\System32\SHELL32.dll
0x00007ffee7cc0000 - 0x00007ffee8464000 	C:\Windows\SYSTEM32\windows.storage.dll
0x00007ffeec080000 - 0x00007ffeec3d3000 	C:\Windows\System32\combase.dll
0x00007ffee9690000 - 0x00007ffee96be000 	C:\Windows\SYSTEM32\Wldp.dll
0x00007ffeebcf0000 - 0x00007ffeebdbd000 	C:\Windows\System32\OLEAUT32.dll
0x00007ffeeab80000 - 0x00007ffeeac2d000 	C:\Windows\System32\SHCORE.dll
0x00007ffeec5f0000 - 0x00007ffeec645000 	C:\Windows\System32\shlwapi.dll
0x00007ffee9c60000 - 0x00007ffee9c84000 	C:\Windows\SYSTEM32\profapi.dll
0x00007ffed4eb0000 - 0x00007ffed4ec8000 	C:\Program Files\Microsoft\jdk-17.0.8.7-hotspot\bin\zip.dll
0x00007ffed68a0000 - 0x00007ffed68b9000 	C:\Program Files\Microsoft\jdk-17.0.8.7-hotspot\bin\net.dll
0x00007ffedd4d0000 - 0x00007ffedd5dd000 	C:\Windows\SYSTEM32\WINHTTP.dll
0x00007ffee93f0000 - 0x00007ffee945a000 	C:\Windows\system32\mswsock.dll
0x00007ffed6880000 - 0x00007ffed6896000 	C:\Program Files\Microsoft\jdk-17.0.8.7-hotspot\bin\nio.dll
0x00007ffedd430000 - 0x00007ffedd440000 	C:\Program Files\Microsoft\jdk-17.0.8.7-hotspot\bin\verify.dll
0x00007ffed16d0000 - 0x00007ffed16f7000 	C:\Users\User\.gradle\native\c067742578af261105cb4f569cf0c3c89f3d7b1fecec35dd04571415982c5e48\windows-amd64\native-platform.dll
0x00007ffe81930000 - 0x00007ffe81a74000 	C:\Users\User\.gradle\native\100fb08df4bc3b14c8652ba06237920a3bd2aa13389f12d3474272988ae205f9\windows-amd64\native-platform-file-events.dll
0x00007ffed6e30000 - 0x00007ffed6e39000 	C:\Program Files\Microsoft\jdk-17.0.8.7-hotspot\bin\management.dll
0x00007ffed3e70000 - 0x00007ffed3e7b000 	C:\Program Files\Microsoft\jdk-17.0.8.7-hotspot\bin\management_ext.dll
0x00007ffeeacf0000 - 0x00007ffeeacf8000 	C:\Windows\System32\PSAPI.DLL
0x00007ffee95f0000 - 0x00007ffee9608000 	C:\Windows\SYSTEM32\CRYPTSP.dll
0x00007ffee8d10000 - 0x00007ffee8d44000 	C:\Windows\system32\rsaenh.dll
0x00007ffee9c20000 - 0x00007ffee9c4e000 	C:\Windows\SYSTEM32\USERENV.dll
0x00007ffee95e0000 - 0x00007ffee95ec000 	C:\Windows\SYSTEM32\CRYPTBASE.dll
0x00007ffee90d0000 - 0x00007ffee910b000 	C:\Windows\SYSTEM32\IPHLPAPI.DLL
0x00007ffeea8b0000 - 0x00007ffeea8b8000 	C:\Windows\System32\NSI.dll
0x00007ffedfc90000 - 0x00007ffedfca7000 	C:\Windows\SYSTEM32\dhcpcsvc6.DLL
0x00007ffee0870000 - 0x00007ffee088d000 	C:\Windows\SYSTEM32\dhcpcsvc.DLL
0x00007ffee9110000 - 0x00007ffee91da000 	C:\Windows\SYSTEM32\DNSAPI.dll
0x00007ffed3b50000 - 0x00007ffed3b5e000 	C:\Program Files\Microsoft\jdk-17.0.8.7-hotspot\bin\sunmscapi.dll
0x00007ffee9d30000 - 0x00007ffee9e8c000 	C:\Windows\System32\CRYPT32.dll
0x00007ffee9700000 - 0x00007ffee9727000 	C:\Windows\SYSTEM32\ncrypt.dll
0x00007ffee96c0000 - 0x00007ffee96fb000 	C:\Windows\SYSTEM32\NTASN1.dll
0x00007ffed4e70000 - 0x00007ffed4e77000 	C:\Windows\system32\wshunix.dll
0x00007ffed4d60000 - 0x00007ffed4d6a000 	C:\Windows\System32\rasadhlp.dll
0x00007ffed4de0000 - 0x00007ffed4e60000 	C:\Windows\System32\fwpuclnt.dll
0x00007ffec8eb0000 - 0x00007ffec8ec7000 	C:\Windows\system32\napinsp.dll
0x00007ffec8e90000 - 0x00007ffec8eab000 	C:\Windows\system32\pnrpnsp.dll
0x00007ffee65e0000 - 0x00007ffee65f5000 	C:\Windows\system32\wshbth.dll
0x00007ffee41f0000 - 0x00007ffee420d000 	C:\Windows\system32\NLAapi.dll
0x00007ffec8e70000 - 0x00007ffec8e82000 	C:\Windows\System32\winrnr.dll

dbghelp: loaded successfully - version: 4.0.5 - missing functions: none
symbol engine: initialized successfully - sym options: 0x614 - pdb path: .;C:\Program Files\Microsoft\jdk-17.0.8.7-hotspot\bin;C:\Windows\SYSTEM32;C:\Windows\WinSxS\amd64_microsoft.windows.common-controls_6595b64144ccf1df_6.0.19041.4355_none_60b8b9eb71f62e16;C:\Program Files\Microsoft\jdk-17.0.8.7-hotspot\bin\server;C:\Users\User\.gradle\native\c067742578af261105cb4f569cf0c3c89f3d7b1fecec35dd04571415982c5e48\windows-amd64;C:\Users\User\.gradle\native\100fb08df4bc3b14c8652ba06237920a3bd2aa13389f12d3474272988ae205f9\windows-amd64

VM Arguments:
jvm_args: -XX:MaxMetaspaceSize=512m --add-opens=java.base/java.util=ALL-UNNAMED --add-opens=java.base/java.lang=ALL-UNNAMED --add-opens=java.base/java.lang.invoke=ALL-UNNAMED --add-opens=java.prefs/java.util.prefs=ALL-UNNAMED --add-exports=jdk.compiler/com.sun.tools.javac.api=ALL-UNNAMED --add-exports=jdk.compiler/com.sun.tools.javac.util=ALL-UNNAMED --add-opens=java.base/java.nio.charset=ALL-UNNAMED --add-opens=java.base/java.net=ALL-UNNAMED --add-opens=java.base/java.util.concurrent.atomic=ALL-UNNAMED -Xmx2048m -Dfile.encoding=windows-1252 -Duser.country=GB -Duser.language=en -Duser.variant -javaagent:C:\Users\User\.gradle\wrapper\dists\gradle-8.10.2-all\7iv73wktx1xtkvlq19urqw1wm\gradle-8.10.2\lib\agents\gradle-instrumentation-agent-8.10.2.jar 
java_command: org.gradle.launcher.daemon.bootstrap.GradleDaemon 8.10.2
java_class_path (initial): C:\Users\User\.gradle\wrapper\dists\gradle-8.10.2-all\7iv73wktx1xtkvlq19urqw1wm\gradle-8.10.2\lib\gradle-daemon-main-8.10.2.jar
Launcher Type: SUN_STANDARD

[Global flags]
     intx CICompilerCount                          = 3                                         {product} {ergonomic}
   size_t CompressedClassSpaceSize                 = 436207616                                 {product} {ergonomic}
     uint ConcGCThreads                            = 1                                         {product} {ergonomic}
     uint G1ConcRefinementThreads                  = 4                                         {product} {ergonomic}
   size_t G1HeapRegionSize                         = 1048576                                   {product} {ergonomic}
    uintx GCDrainStackTargetSize                   = 64                                        {product} {ergonomic}
   size_t InitialHeapSize                          = 134217728                                 {product} {ergonomic}
   size_t MarkStackSize                            = 4194304                                   {product} {ergonomic}
   size_t MaxHeapSize                              = 2147483648                                {product} {command line}
   size_t MaxMetaspaceSize                         = 536870912                                 {product} {command line}
   size_t MaxNewSize                               = 1287651328                                {product} {ergonomic}
   size_t MinHeapDeltaBytes                        = 1048576                                   {product} {ergonomic}
   size_t MinHeapSize                              = 8388608                                   {product} {ergonomic}
    uintx NonNMethodCodeHeapSize                   = 5832780                                {pd product} {ergonomic}
    uintx NonProfiledCodeHeapSize                  = 122912730                              {pd product} {ergonomic}
    uintx ProfiledCodeHeapSize                     = 122912730                              {pd product} {ergonomic}
    uintx ReservedCodeCacheSize                    = 251658240                              {pd product} {ergonomic}
     bool SegmentedCodeCache                       = true                                      {product} {ergonomic}
   size_t SoftMaxHeapSize                          = 2147483648                             {manageable} {ergonomic}
     bool UseCompressedClassPointers               = true                           {product lp64_product} {ergonomic}
     bool UseCompressedOops                        = true                           {product lp64_product} {ergonomic}
     bool UseG1GC                                  = true                                      {product} {ergonomic}
     bool UseLargePagesIndividualAllocation        = false                                  {pd product} {ergonomic}

Logging:
Log output configuration:
 #0: stdout all=warning uptime,level,tags
 #1: stderr all=off uptime,level,tags

Environment Variables:
JAVA_HOME=C:\Program Files\Microsoft\jdk-17.0.8.7-hotspot\
CLASSPATH=F:\NoTensionClient\v76\bitsNoTension\android\\gradle\wrapper\gradle-wrapper.jar
PATH=C:\Users\User\AppData\Local\Temp\yarn--1734243250599-0.34618924153223296;F:\NoTensionClient\v76\bitsNoTension\node_modules\.bin;C:\Users\User\AppData\Local\Yarn\Data\link\node_modules\.bin;C:\Program Files\libexec\lib\node_modules\npm\bin\node-gyp-bin;C:\Program Files\lib\node_modules\npm\bin\node-gyp-bin;C:\Program Files\nodejs\node_modules\npm\bin\node-gyp-bin;C:\Program Files\Microsoft\jdk-17.0.8.7-hotspot\bin;C:\Program Files\Microsoft\jdk-11.0.18.10-hotspot\bin;C:\Program Files\Eclipse Adoptium\jdk-11.0.16.101-hotspot\bin;C:\Windows\system32;C:\Windows;C:\Windows\System32\Wbem;C:\Windows\System32\WindowsPowerShell\v1.0\;C:\Windows\System32\OpenSSH\;C:\ProgramData\chocolatey\bin;C:\Program Files\OpenJDK\openjdk-8u275-b01\bin;C:\Program Files\Git\cmd;C:\ProgramData\ComposerSetup\bin;F:\xampp\php;C:\Program Files\dotnet\;C:\Program Files (x86)\Yarn\bin\;C:\Program Files\Intel\WiFi\bin\;C:\Program Files\Common Files\Intel\WirelessCommon\;C:\Program Files (x86)\Intel\Intel(R) Management Engine Components\DAL;C:\Program Files\Intel\Intel(R) Management Engine Components\DAL;C:\Users\User\AppData\Local\Android\Sdk\platform-tools;C:\Program Files\nodejs\;C:\Users\User\AppData\Local\Android\Sdk\tools;C:\Users\User\AppData\Local\Microsoft\WindowsApps;C:\Users\User\AppData\Local\Programs\Microsoft VS Code\bin;C:\Users\User\AppData\Local\atom\bin;C:\Users\User\AppData\Roaming\Composer\vendor\bin;C:\Program Files\MongoDB\Server\5.0\bin;C:\Users\User\AppData\Local\Yarn\bin;C:\Users\User\AppData\Local\Android\Sdk\platform-tools;C:\Users\User\AppData\Roaming\npm
USERNAME=User
OS=Windows_NT
PROCESSOR_IDENTIFIER=Intel64 Family 6 Model 78 Stepping 3, GenuineIntel
TMP=C:\Users\User\AppData\Local\Temp
TEMP=C:\Users\User\AppData\Local\Temp



---------------  S Y S T E M  ---------------

OS:
 Windows 10 , 64 bit Build 19041 (10.0.19041.5198)
OS uptime: 1 days 20:51 hours

CPU: total 4 (initial active 4) (2 cores per cpu, 2 threads per core) family 6 model 78 stepping 3 microcode 0xf0, cx8, cmov, fxsr, ht, mmx, 3dnowpref, sse, sse2, sse3, ssse3, sse4.1, sse4.2, popcnt, lzcnt, tsc, tscinvbit, avx, avx2, aes, erms, clmul, bmi1, bmi2, rtm, adx, fma, vzeroupper, clflush, clflushopt
Processor Information for all 4 processors :
  Max Mhz: 2801, Current Mhz: 2200, Mhz Limit: 2184

Memory: 4k page, system-wide physical 8083M (4209M free)
TotalPageFile size 16787M (AvailPageFile size 8977M)
current process WorkingSet (physical memory assigned to process): 474M, peak: 476M
current process commit charge ("private bytes"): 522M, peak: 524M

vm_info: OpenJDK 64-Bit Server VM (17.0.8+7-LTS) for windows-amd64 JRE (17.0.8+7-LTS), built on Jul  7 2023 17:21:55 by "MicrosoftCorporation" with MS VC++ 16.10 / 16.11 (VS2019)

END.
